03: USB 00.1: 11500 Bluetooth Device
  [Created at usb.124]
  Unique ID: dOTr.Wev90ZpTPOB
  Parent ID: k4bc.2DFUsyrieMD
  SysFS ID: /devices/pci0000:00/0000:00:14.0/usb1/1-1/1-1:1.1
  SysFS BusID: 1-1:1.1
  Hardware Class: bluetooth
  Model: "TP-Link UB500 Adapter"
  Hotplug: USB
  Vendor: usb 0x2357 "TP-Link"
  Device: usb 0x0604 "TP-Link UB500 Adapter"
  Revision: "2.00"
  Serial ID: "E848B8C82000"
  Driver: "btusb"
  Driver Modules: "btusb"
  Speed: 12 Mbps
  Module Alias: "usb:v2357p0604d0200dcE0dsc01dp01icE0isc01ip01in01"
  Driver Info #0:
    Driver Status: btusb is active
    Driver Activation Cmd: "modprobe btusb"
  Config Status: cfg=new, avail=yes, need=no, active=unknown
  Attached to: #6 (Hub)

04: USB 00.1: 10f00 Camera
  [Created at usb.124]
  Unique ID: NwzV.Q1IVN9tVLq4
  Parent ID: k4bc.2DFUsyrieMD
  SysFS ID: /devices/pci0000:00/0000:00:14.0/usb1/1-5/1-5:1.1
  SysFS BusID: 1-5:1.1
  Hardware Class: camera
  Model: "Chicony Electronics HP Truevision HD"
  Hotplug: USB
  Vendor: usb 0x04f2 "Chicony Electronics Co., Ltd"
  Device: usb 0xb509 "HP Truevision HD"
  Revision: "28.74"
  Driver: "uvcvideo"
  Driver Modules: "uvcvideo"
  Speed: 480 Mbps
  Module Alias: "usb:v04F2pB509d2874dcEFdsc02dp01ic0Eisc02ip00in01"
  Config Status: cfg=new, avail=yes, need=no, active=unknown
  Attached to: #6 (Hub)

05: USB 00.0: 0200 Ethernet controller
  [Created at usb.124]
  Unique ID: 2UT6._k9cPxu6eT7
  Parent ID: k4bc.2DFUsyrieMD
  SysFS ID: /devices/pci0000:00/0000:00:14.0/usb1/1-3/1-3:1.0
  SysFS BusID: 1-3:1.0
  Hardware Class: network
  Model: "TP-Link AC600 wireless Realtek RTL8811AU [Archer T2U Nano]"
  Hotplug: USB
  Vendor: usb 0x2357 "TP-Link"
  Device: usb 0x011e "AC600 wireless Realtek RTL8811AU [Archer T2U Nano]"
  Revision: "2.00"
  Serial ID: "00e04c000001"
  Driver: "rtw_8821au"
  Driver Modules: "rtw_8821au"
  Device File: wlp0s20f0u3
  Speed: 480 Mbps
  HW Address: 8c:90:2d:95:20:38
  Permanent HW Address: 8c:90:2d:95:20:38
  Link detected: yes
  Module Alias: "usb:v2357p011Ed0200dc00dsc00dp00icFFiscFFipFFin00"
  Driver Info #0:
    Driver Status: rtw88_8821au is not active
    Driver Activation Cmd: "modprobe rtw88_8821au"
  Driver Info #1:
    Driver Status: rtw_8821au is active
    Driver Activation Cmd: "modprobe rtw_8821au"
  Config Status: cfg=new, avail=yes, need=no, active=unknown
  Attached to: #6 (Hub)

06: USB 00.0: 10a00 Hub
  [Created at usb.124]
  Unique ID: k4bc.2DFUsyrieMD
  SysFS ID: /devices/pci0000:00/0000:00:14.0/usb1/1-0:1.0
  SysFS BusID: 1-0:1.0
  Hardware Class: hub
  Model: "Linux Foundation 2.0 root hub"
  Hotplug: USB
  Vendor: usb 0x1d6b "Linux Foundation"
  Device: usb 0x0002 "2.0 root hub"
  Revision: "6.17"
  Serial ID: "0000:00:14.0"
  Driver: "hub"
  Driver Modules: "usbcore"
  Speed: 480 Mbps
  Module Alias: "usb:v1D6Bp0002d0617dc09dsc00dp01ic09isc00ip00in00"
  Config Status: cfg=new, avail=yes, need=no, active=unknown

07: USB 00.0: 11500 Bluetooth Device
  [Created at usb.124]
  Unique ID: ADDn.Wev90ZpTPOB
  Parent ID: k4bc.2DFUsyrieMD
  SysFS ID: /devices/pci0000:00/0000:00:14.0/usb1/1-1/1-1:1.0
  SysFS BusID: 1-1:1.0
  Hardware Class: bluetooth
  Model: "TP-Link UB500 Adapter"
  Hotplug: USB
  Vendor: usb 0x2357 "TP-Link"
  Device: usb 0x0604 "TP-Link UB500 Adapter"
  Revision: "2.00"
  Serial ID: "E848B8C82000"
  Driver: "btusb"
  Driver Modules: "btusb"
  Speed: 12 Mbps
  Module Alias: "usb:v2357p0604d0200dcE0dsc01dp01icE0isc01ip01in00"
  Driver Info #0:
    Driver Status: btusb is active
    Driver Activation Cmd: "modprobe btusb"
  Config Status: cfg=new, avail=yes, need=no, active=unknown
  Attached to: #6 (Hub)

08: USB 00.0: 10a00 Hub
  [Created at usb.124]
  Unique ID: pBe4.xYNhIwdOaa6
  SysFS ID: /devices/pci0000:00/0000:00:14.0/usb2/2-0:1.0
  SysFS BusID: 2-0:1.0
  Hardware Class: hub
  Model: "Linux Foundation 3.0 root hub"
  Hotplug: USB
  Vendor: usb 0x1d6b "Linux Foundation"
  Device: usb 0x0003 "3.0 root hub"
  Revision: "6.17"
  Serial ID: "0000:00:14.0"
  Driver: "hub"
  Driver Modules: "usbcore"
  Module Alias: "usb:v1D6Bp0003d0617dc09dsc00dp03ic09isc00ip00in00"
  Config Status: cfg=new, avail=yes, need=no, active=unknown

09: USB 00.0: 10f00 Camera
  [Created at usb.124]
  Unique ID: wkjR.Q1IVN9tVLq4
  Parent ID: k4bc.2DFUsyrieMD
  SysFS ID: /devices/pci0000:00/0000:00:14.0/usb1/1-5/1-5:1.0
  SysFS BusID: 1-5:1.0
  Hardware Class: camera
  Model: "Chicony Electronics HP Truevision HD"
  Hotplug: USB
  Vendor: usb 0x04f2 "Chicony Electronics Co., Ltd"
  Device: usb 0xb509 "HP Truevision HD"
  Revision: "28.74"
  Driver: "uvcvideo"
  Driver Modules: "uvcvideo"
  Speed: 480 Mbps
  Module Alias: "usb:v04F2pB509d2874dcEFdsc02dp01ic0Eisc01ip00in00"
  Driver Info #0:
    Driver Status: uvcvideo is active
    Driver Activation Cmd: "modprobe uvcvideo"
  Config Status: cfg=new, avail=yes, need=no, active=unknown
  Attached to: #6 (Hub)
