07: PCI 300.0: 0280 Network controller
  [Created at pci.395]
  Unique ID: svHJ.LpgP4BOW_eC
  Parent ID: HnsE.gwY0hkY5YsB
  SysFS ID: /devices/pci0000:00/0000:00:1c.5/0000:03:00.0
  SysFS BusID: 0000:03:00.0
  Hardware Class: network
  Model: "Broadcom BCM43142 802.11b/g/n"
  Vendor: pci 0x14e4 "Broadcom"
  Device: pci 0x4365 "BCM43142 802.11b/g/n"
  SubVendor: pci 0x103c "Hewlett-Packard Company"
  SubDevice: pci 0x804a 
  Revision: 0x01
  Driver: "bcma-pci-bridge"
  Driver Modules: "bcma"
  Memory Range: 0xa1100000-0xa1107fff (rw,non-prefetchable)
  IRQ: 17 (no events)
  Module Alias: "pci:v000014E4d00004365sv0000103Csd0000804Abc02sc80i00"
  Driver Info #0:
    Driver Status: bcma is active
    Driver Activation Cmd: "modprobe bcma"
  Config Status: cfg=new, avail=yes, need=no, active=unknown
  Attached to: #14 (PCI bridge)

12: PCI 200.0: 0200 Ethernet controller
  [Created at pci.395]
  Unique ID: c3qJ.pOcX5gfxmU5
  Parent ID: QSNP.9WcGCARO0UB
  SysFS ID: /devices/pci0000:00/0000:00:1c.4/0000:02:00.0
  SysFS BusID: 0000:02:00.0
  Hardware Class: network
  Model: "Realtek RTL810xE PCI Express Fast Ethernet controller"
  Vendor: pci 0x10ec "Realtek Semiconductor Co., Ltd."
  Device: pci 0x8136 "RTL810xE PCI Express Fast Ethernet controller"
  SubVendor: pci 0x103c "Hewlett-Packard Company"
  SubDevice: pci 0x8136 
  Revision: 0x07
  Driver: "r8169"
  Driver Modules: "r8169"
  Device File: enp2s0
  I/O Ports: 0x3000-0x3fff (rw)
  Memory Range: 0xa1200000-0xa1200fff (rw,non-prefetchable)
  Memory Range: 0xa1000000-0xa1003fff (ro,non-prefetchable)
  IRQ: 16 (5 events)
  HW Address: fc:3f:db:33:f3:22
  Permanent HW Address: fc:3f:db:33:f3:22
  Link detected: no
  Module Alias: "pci:v000010ECd00008136sv0000103Csd00008136bc02sc00i00"
  Driver Info #0:
    Driver Status: r8169 is active
    Driver Activation Cmd: "modprobe r8169"
  Config Status: cfg=new, avail=yes, need=no, active=unknown
  Attached to: #19 (PCI bridge)

25: USB 00.0: 0282 WLAN controller
  [Created at usb.124]
  Unique ID: 2UT6.m2CVPqvZYB3
  Parent ID: k4bc.2DFUsyrieMD
  SysFS ID: /devices/pci0000:00/0000:00:14.0/usb1/1-3/1-3:1.0
  SysFS BusID: 1-3:1.0
  Hardware Class: network
  Model: "TP-Link AC600 wireless Realtek RTL8811AU [Archer T2U Nano]"
  Hotplug: USB
  Vendor: usb 0x2357 "TP-Link"
  Device: usb 0x011e "AC600 wireless Realtek RTL8811AU [Archer T2U Nano]"
  Revision: "2.00"
  Serial ID: "00e04c000001"
  Driver: "rtw_8821au"
  Driver Modules: "rtw_8821au"
  Device File: wlp0s20f0u3
  Features: WLAN
  Speed: 480 Mbps
  HW Address: 8c:90:2d:95:20:38
  Permanent HW Address: 8c:90:2d:95:20:38
  Link detected: yes
  WLAN channels: 1 2 3 4 5 6 7 8 9 10 11 12 13 36 40 44 48 52 56 60 64 100 104 108 112 116 120 124 128 132 136 140
  WLAN frequencies: 2.412 2.417 2.422 2.427 2.432 2.437 2.442 2.447 2.452 2.457 2.462 2.467 2.472 5.18 5.2 5.22 5.24 5.26 5.28 5.3 5.32 5.5 5.52 5.54 5.56 5.58 5.6 5.62 5.64 5.66 5.68 5.7
  WLAN encryption modes: WEP40 WEP104 TKIP CCMP
  WLAN authentication modes: open sharedkey wpa-psk wpa-eap
  Module Alias: "usb:v2357p011Ed0200dc00dsc00dp00icFFiscFFipFFin00"
  Driver Info #0:
    Driver Status: rtw88_8821au is not active
    Driver Activation Cmd: "modprobe rtw88_8821au"
  Driver Info #1:
    Driver Status: rtw_8821au is active
    Driver Activation Cmd: "modprobe rtw_8821au"
  Config Status: cfg=new, avail=yes, need=no, active=unknown
  Attached to: #26 (Hub)
