sudo lshw -C network

  *-network
       description: Ethernet interface
       product: RTL810xE PCI Express Fast Ethernet controller
       vendor: Realtek Semiconductor Co., Ltd.
       physical id: 0
       bus info: pci@0000:02:00.0
       logical name: enp2s0
       version: 07
       serial: fc:3f:db:33:f3:22
       capacity: 100Mbit/s
       width: 64 bits
       clock: 33MHz
       capabilities: pm msi pciexpress msix vpd bus_master cap_list ethernet physical tp mii 10bt 10bt-fd 100bt 100bt-fd autonegotiation
       configuration: autonegotiation=on broadcast=yes driver=r8169 driverversion=6.17.8-arch1-1 firmware=rtl8106e-1_0.0.1 06/29/12 latency=0 link=no multicast=yes port=twisted pair
       resources: irq:16 ioport:3000(size=256) memory:a1200000-a1200fff memory:a1000000-a1003fff
  *-network
       description: Network controller
       product: BCM43142 802.11b/g/n
       vendor: Broadcom Inc. and subsidiaries
       physical id: 0
       bus info: pci@0000:03:00.0
       version: 01
       width: 64 bits
       clock: 33MHz
       capabilities: pm msi pciexpress bus_master cap_list
       configuration: driver=bcma-pci-bridge latency=0
       resources: irq:17 memory:a1100000-a1107fff
  *-network
       description: Wireless interface
       product: 802.11ac WLAN Adapter
       physical id: b
       bus info: usb@1:3
       logical name: wlp0s20f0u3
       serial: 8c:90:2d:95:20:38
       capabilities: ethernet physical wireless
       configuration: broadcast=yes driver=rtw_8821au driverversion=6.17.8-arch1-1 firmware=N/A ip=192.168.29.23 link=yes multicast=yes wireless=IEEE 802.11
