monitor will print the received events for:
KERNEL - the kernel uevent

KERNEL[4854.369247] change   /devices/pci0000:00/0000:00:1f.0/ACPI0003:00/power_supply/ACAD (power_supply)
ACTION=change
DEVPATH=/devices/pci0000:00/0000:00:1f.0/ACPI0003:00/power_supply/ACAD
SUBSYSTEM=power_supply
DEVTYPE=power_supply
POWER_SUPPLY_NAME=ACAD
POWER_SUPPLY_TYPE=Mains
POWER_SUPPLY_ONLINE=0
SEQNUM=4501

KERNEL[4855.384437] change   /devices/LNXSYSTM:00/LNXSYBUS:00/PNP0A08:00/device:18/PNP0C0A:00/power_supply/BAT1 (power_supply)
ACTION=change
DEVPATH=/devices/LNXSYSTM:00/LNXSYBUS:00/PNP0A08:00/device:18/PNP0C0A:00/power_supply/BAT1
SUBSYSTEM=power_supply
DEVTYPE=power_supply
POWER_SUPPLY_NAME=BAT1
POWER_SUPPLY_TYPE=Battery
POWER_SUPPLY_STATUS=Discharging
POWER_SUPPLY_PRESENT=1
POWER_SUPPLY_TECHNOLOGY=Li-ion
POWER_SUPPLY_CYCLE_COUNT=0
POWER_SUPPLY_VOLTAGE_MIN_DESIGN=14600000
POWER_SUPPLY_VOLTAGE_NOW=16776000
POWER_SUPPLY_CURRENT_NOW=243000
POWER_SUPPLY_CHARGE_FULL_DESIGN=2200000
POWER_SUPPLY_CHARGE_FULL=2142000
POWER_SUPPLY_CHARGE_NOW=2142000
POWER_SUPPLY_CAPACITY=100
POWER_SUPPLY_CAPACITY_LEVEL=Normal
POWER_SUPPLY_MODEL_NAME=PABAS0241231
POWER_SUPPLY_MANUFACTURER=Hewlett-Packard 
POWER_SUPPLY_SERIAL_NUMBER=41167
SEQNUM=4502

KERNEL[4869.627254] change   /devices/pci0000:00/0000:00:1f.0/ACPI0003:00/power_supply/ACAD (power_supply)
ACTION=change
DEVPATH=/devices/pci0000:00/0000:00:1f.0/ACPI0003:00/power_supply/ACAD
SUBSYSTEM=power_supply
DEVTYPE=power_supply
POWER_SUPPLY_NAME=ACAD
POWER_SUPPLY_TYPE=Mains
POWER_SUPPLY_ONLINE=1
SEQNUM=4503

KERNEL[4870.634657] change   /devices/LNXSYSTM:00/LNXSYBUS:00/PNP0A08:00/device:18/PNP0C0A:00/power_supply/BAT1 (power_supply)
ACTION=change
DEVPATH=/devices/LNXSYSTM:00/LNXSYBUS:00/PNP0A08:00/device:18/PNP0C0A:00/power_supply/BAT1
SUBSYSTEM=power_supply
DEVTYPE=power_supply
POWER_SUPPLY_NAME=BAT1
POWER_SUPPLY_TYPE=Battery
POWER_SUPPLY_STATUS=Charging
POWER_SUPPLY_PRESENT=1
POWER_SUPPLY_TECHNOLOGY=Li-ion
POWER_SUPPLY_CYCLE_COUNT=0
POWER_SUPPLY_VOLTAGE_MIN_DESIGN=14600000
POWER_SUPPLY_VOLTAGE_NOW=16454000
POWER_SUPPLY_CURRENT_NOW=387000
POWER_SUPPLY_CHARGE_FULL_DESIGN=2200000
POWER_SUPPLY_CHARGE_FULL=2142000
POWER_SUPPLY_CHARGE_NOW=2140000
POWER_SUPPLY_CAPACITY=100
POWER_SUPPLY_CAPACITY_LEVEL=Normal
POWER_SUPPLY_MODEL_NAME=PABAS0241231
POWER_SUPPLY_MANUFACTURER=Hewlett-Packard 
POWER_SUPPLY_SERIAL_NUMBER=41167
SEQNUM=4504

KERNEL[4874.996858] change   /devices/pci0000:00/0000:00:14.0/usb1/1-3 (usb)
ACTION=change
DEVPATH=/devices/pci0000:00/0000:00:14.0/usb1/1-3
SUBSYSTEM=usb
DEVNAME=/dev/bus/usb/001/003
DEVTYPE=usb_device
DRIVER=usb
PRODUCT=2357/11e/200
TYPE=0/0/0
BUSNUM=001
DEVNUM=003
SEQNUM=4505
MAJOR=189
MINOR=2

KERNEL[4874.997173] add      /devices/pci0000:00/0000:00:14.0/usb1/1-3/1-3:1.0 (usb)
ACTION=add
DEVPATH=/devices/pci0000:00/0000:00:14.0/usb1/1-3/1-3:1.0
SUBSYSTEM=usb
DEVTYPE=usb_interface
PRODUCT=2357/11e/200
TYPE=0/0/0
INTERFACE=255/255/255
MODALIAS=usb:v2357p011Ed0200dc00dsc00dp00icFFiscFFipFFin00
SEQNUM=4506
DRIVER=rtw_8821au

KERNEL[4875.112858] add      /devices/pci0000:00/0000:00:14.0/usb1/1-3/1-3:1.0/leds/rtw88-1-3:1.0 (leds)
ACTION=add
DEVPATH=/devices/pci0000:00/0000:00:14.0/usb1/1-3/1-3:1.0/leds/rtw88-1-3:1.0
SUBSYSTEM=leds
SEQNUM=4507

KERNEL[4875.123857] change   /devices/pci0000:00/0000:00:14.0/usb1/1-3/1-3:1.0/leds/rtw88-1-3:1.0 (leds)
ACTION=change
DEVPATH=/devices/pci0000:00/0000:00:14.0/usb1/1-3/1-3:1.0/leds/rtw88-1-3:1.0
SUBSYSTEM=leds
TRIGGER=phy1tpt
SEQNUM=4508

KERNEL[4875.124748] add      /devices/pci0000:00/0000:00:14.0/usb1/1-3/1-3:1.0/ieee80211/phy1 (ieee80211)
ACTION=add
DEVPATH=/devices/pci0000:00/0000:00:14.0/usb1/1-3/1-3:1.0/ieee80211/phy1
SUBSYSTEM=ieee80211
SEQNUM=4509

KERNEL[4875.127437] add      /devices/pci0000:00/0000:00:14.0/usb1/1-3/1-3:1.0/ieee80211/phy1/rfkill2 (rfkill)
ACTION=add
DEVPATH=/devices/pci0000:00/0000:00:14.0/usb1/1-3/1-3:1.0/ieee80211/phy1/rfkill2
SUBSYSTEM=rfkill
RFKILL_NAME=phy1
RFKILL_TYPE=wlan
RFKILL_STATE=1
RFKILL_HW_BLOCK_REASON=0x0
SEQNUM=4510

KERNEL[4875.130644] add      /devices/pci0000:00/0000:00:14.0/usb1/1-3/1-3:1.0/net/wlan0 (net)
ACTION=add
DEVPATH=/devices/pci0000:00/0000:00:14.0/usb1/1-3/1-3:1.0/net/wlan0
SUBSYSTEM=net
DEVTYPE=wlan
INTERFACE=wlan0
IFINDEX=4
SEQNUM=4511

KERNEL[4875.134098] add      /devices/pci0000:00/0000:00:14.0/usb1/1-3/1-3:1.0/net/wlan0/queues/rx-0 (queues)
ACTION=add
DEVPATH=/devices/pci0000:00/0000:00:14.0/usb1/1-3/1-3:1.0/net/wlan0/queues/rx-0
SUBSYSTEM=queues
SEQNUM=4512

KERNEL[4875.136445] add      /devices/pci0000:00/0000:00:14.0/usb1/1-3/1-3:1.0/net/wlan0/queues/tx-0 (queues)
ACTION=add
DEVPATH=/devices/pci0000:00/0000:00:14.0/usb1/1-3/1-3:1.0/net/wlan0/queues/tx-0
SUBSYSTEM=queues
SEQNUM=4513

KERNEL[4875.137153] bind     /devices/pci0000:00/0000:00:14.0/usb1/1-3/1-3:1.0 (usb)
ACTION=bind
DEVPATH=/devices/pci0000:00/0000:00:14.0/usb1/1-3/1-3:1.0
SUBSYSTEM=usb
DEVTYPE=usb_interface
DRIVER=rtw_8821au
PRODUCT=2357/11e/200
TYPE=0/0/0
INTERFACE=255/255/255
MODALIAS=usb:v2357p011Ed0200dc00dsc00dp00icFFiscFFipFFin00
SEQNUM=4514

KERNEL[4875.173590] move     /devices/pci0000:00/0000:00:14.0/usb1/1-3/1-3:1.0/net/wlp0s20f0u3 (net)
ACTION=move
DEVPATH=/devices/pci0000:00/0000:00:14.0/usb1/1-3/1-3:1.0/net/wlp0s20f0u3
SUBSYSTEM=net
DEVPATH_OLD=/devices/pci0000:00/0000:00:14.0/usb1/1-3/1-3:1.0/net/wlan0
DEVTYPE=wlan
INTERFACE=wlp0s20f0u3
IFINDEX=4
SEQNUM=4515

KERNEL[4888.781535] change   /devices/pci0000:00/0000:00:1f.0/ACPI0003:00/power_supply/ACAD (power_supply)
ACTION=change
DEVPATH=/devices/pci0000:00/0000:00:1f.0/ACPI0003:00/power_supply/ACAD
SUBSYSTEM=power_supply
DEVTYPE=power_supply
POWER_SUPPLY_NAME=ACAD
POWER_SUPPLY_TYPE=Mains
POWER_SUPPLY_ONLINE=0
SEQNUM=4525

KERNEL[4889.792969] change   /devices/LNXSYSTM:00/LNXSYBUS:00/PNP0A08:00/device:18/PNP0C0A:00/power_supply/BAT1 (power_supply)
ACTION=change
DEVPATH=/devices/LNXSYSTM:00/LNXSYBUS:00/PNP0A08:00/device:18/PNP0C0A:00/power_supply/BAT1
SUBSYSTEM=power_supply
DEVTYPE=power_supply
POWER_SUPPLY_NAME=BAT1
POWER_SUPPLY_TYPE=Battery
POWER_SUPPLY_STATUS=Discharging
POWER_SUPPLY_PRESENT=1
POWER_SUPPLY_TECHNOLOGY=Li-ion
POWER_SUPPLY_CYCLE_COUNT=0
POWER_SUPPLY_VOLTAGE_MIN_DESIGN=14600000
POWER_SUPPLY_VOLTAGE_NOW=16776000
POWER_SUPPLY_CURRENT_NOW=289000
POWER_SUPPLY_CHARGE_FULL_DESIGN=2200000
POWER_SUPPLY_CHARGE_FULL=2142000
POWER_SUPPLY_CHARGE_NOW=2142000
POWER_SUPPLY_CAPACITY=100
POWER_SUPPLY_CAPACITY_LEVEL=Normal
POWER_SUPPLY_MODEL_NAME=PABAS0241231
POWER_SUPPLY_MANUFACTURER=Hewlett-Packard 
POWER_SUPPLY_SERIAL_NUMBER=41167
SEQNUM=4526

KERNEL[4900.381957] change   /devices/pci0000:00/0000:00:1f.0/ACPI0003:00/power_supply/ACAD (power_supply)
ACTION=change
DEVPATH=/devices/pci0000:00/0000:00:1f.0/ACPI0003:00/power_supply/ACAD
SUBSYSTEM=power_supply
DEVTYPE=power_supply
POWER_SUPPLY_NAME=ACAD
POWER_SUPPLY_TYPE=Mains
POWER_SUPPLY_ONLINE=1
SEQNUM=4527

KERNEL[4901.385215] change   /devices/LNXSYSTM:00/LNXSYBUS:00/PNP0A08:00/device:18/PNP0C0A:00/power_supply/BAT1 (power_supply)
ACTION=change
DEVPATH=/devices/LNXSYSTM:00/LNXSYBUS:00/PNP0A08:00/device:18/PNP0C0A:00/power_supply/BAT1
SUBSYSTEM=power_supply
DEVTYPE=power_supply
POWER_SUPPLY_NAME=BAT1
POWER_SUPPLY_TYPE=Battery
POWER_SUPPLY_STATUS=Charging
POWER_SUPPLY_PRESENT=1
POWER_SUPPLY_TECHNOLOGY=Li-ion
POWER_SUPPLY_CYCLE_COUNT=0
POWER_SUPPLY_VOLTAGE_MIN_DESIGN=14600000
POWER_SUPPLY_VOLTAGE_NOW=16460000
POWER_SUPPLY_CURRENT_NOW=325000
POWER_SUPPLY_CHARGE_FULL_DESIGN=2200000
POWER_SUPPLY_CHARGE_FULL=2142000
POWER_SUPPLY_CHARGE_NOW=2141000
POWER_SUPPLY_CAPACITY=100
POWER_SUPPLY_CAPACITY_LEVEL=Normal
POWER_SUPPLY_MODEL_NAME=PABAS0241231
POWER_SUPPLY_MANUFACTURER=Hewlett-Packard 
POWER_SUPPLY_SERIAL_NUMBER=41167
SEQNUM=4528

KERNEL[4919.518610] change   /devices/pci0000:00/0000:00:1f.0/ACPI0003:00/power_supply/ACAD (power_supply)
ACTION=change
DEVPATH=/devices/pci0000:00/0000:00:1f.0/ACPI0003:00/power_supply/ACAD
SUBSYSTEM=power_supply
DEVTYPE=power_supply
POWER_SUPPLY_NAME=ACAD
POWER_SUPPLY_TYPE=Mains
POWER_SUPPLY_ONLINE=0
SEQNUM=4529

KERNEL[4920.534393] change   /devices/LNXSYSTM:00/LNXSYBUS:00/PNP0A08:00/device:18/PNP0C0A:00/power_supply/BAT1 (power_supply)
ACTION=change
DEVPATH=/devices/LNXSYSTM:00/LNXSYBUS:00/PNP0A08:00/device:18/PNP0C0A:00/power_supply/BAT1
SUBSYSTEM=power_supply
DEVTYPE=power_supply
POWER_SUPPLY_NAME=BAT1
POWER_SUPPLY_TYPE=Battery
POWER_SUPPLY_STATUS=Discharging
POWER_SUPPLY_PRESENT=1
POWER_SUPPLY_TECHNOLOGY=Li-ion
POWER_SUPPLY_CYCLE_COUNT=0
POWER_SUPPLY_VOLTAGE_MIN_DESIGN=14600000
POWER_SUPPLY_VOLTAGE_NOW=16776000
POWER_SUPPLY_CURRENT_NOW=271000
POWER_SUPPLY_CHARGE_FULL_DESIGN=2200000
POWER_SUPPLY_CHARGE_FULL=2142000
POWER_SUPPLY_CHARGE_NOW=2142000
POWER_SUPPLY_CAPACITY=100
POWER_SUPPLY_CAPACITY_LEVEL=Normal
POWER_SUPPLY_MODEL_NAME=PABAS0241231
POWER_SUPPLY_MANUFACTURER=Hewlett-Packard 
POWER_SUPPLY_SERIAL_NUMBER=41167
SEQNUM=4530

KERNEL[4931.278047] change   /devices/pci0000:00/0000:00:1f.0/ACPI0003:00/power_supply/ACAD (power_supply)
ACTION=change
DEVPATH=/devices/pci0000:00/0000:00:1f.0/ACPI0003:00/power_supply/ACAD
SUBSYSTEM=power_supply
DEVTYPE=power_supply
POWER_SUPPLY_NAME=ACAD
POWER_SUPPLY_TYPE=Mains
POWER_SUPPLY_ONLINE=1
SEQNUM=4531

KERNEL[4932.292388] change   /devices/LNXSYSTM:00/LNXSYBUS:00/PNP0A08:00/device:18/PNP0C0A:00/power_supply/BAT1 (power_supply)
ACTION=change
DEVPATH=/devices/LNXSYSTM:00/LNXSYBUS:00/PNP0A08:00/device:18/PNP0C0A:00/power_supply/BAT1
SUBSYSTEM=power_supply
DEVTYPE=power_supply
POWER_SUPPLY_NAME=BAT1
POWER_SUPPLY_TYPE=Battery
POWER_SUPPLY_STATUS=Charging
POWER_SUPPLY_PRESENT=1
POWER_SUPPLY_TECHNOLOGY=Li-ion
POWER_SUPPLY_CYCLE_COUNT=0
POWER_SUPPLY_VOLTAGE_MIN_DESIGN=14600000
POWER_SUPPLY_VOLTAGE_NOW=16479000
POWER_SUPPLY_CURRENT_NOW=306000
POWER_SUPPLY_CHARGE_FULL_DESIGN=2200000
POWER_SUPPLY_CHARGE_FULL=2142000
POWER_SUPPLY_CHARGE_NOW=2141000
POWER_SUPPLY_CAPACITY=100
POWER_SUPPLY_CAPACITY_LEVEL=Normal
POWER_SUPPLY_MODEL_NAME=PABAS0241231
POWER_SUPPLY_MANUFACTURER=Hewlett-Packard 
POWER_SUPPLY_SERIAL_NUMBER=41167
SEQNUM=4532

KERNEL[4946.530556] change   /devices/pci0000:00/0000:00:1f.0/ACPI0003:00/power_supply/ACAD (power_supply)
ACTION=change
DEVPATH=/devices/pci0000:00/0000:00:1f.0/ACPI0003:00/power_supply/ACAD
SUBSYSTEM=power_supply
DEVTYPE=power_supply
POWER_SUPPLY_NAME=ACAD
POWER_SUPPLY_TYPE=Mains
POWER_SUPPLY_ONLINE=0
SEQNUM=4533

KERNEL[4947.544236] change   /devices/LNXSYSTM:00/LNXSYBUS:00/PNP0A08:00/device:18/PNP0C0A:00/power_supply/BAT1 (power_supply)
ACTION=change
DEVPATH=/devices/LNXSYSTM:00/LNXSYBUS:00/PNP0A08:00/device:18/PNP0C0A:00/power_supply/BAT1
SUBSYSTEM=power_supply
DEVTYPE=power_supply
POWER_SUPPLY_NAME=BAT1
POWER_SUPPLY_TYPE=Battery
POWER_SUPPLY_STATUS=Discharging
POWER_SUPPLY_PRESENT=1
POWER_SUPPLY_TECHNOLOGY=Li-ion
POWER_SUPPLY_CYCLE_COUNT=0
POWER_SUPPLY_VOLTAGE_MIN_DESIGN=14600000
POWER_SUPPLY_VOLTAGE_NOW=16776000
POWER_SUPPLY_CURRENT_NOW=238000
POWER_SUPPLY_CHARGE_FULL_DESIGN=2200000
POWER_SUPPLY_CHARGE_FULL=2142000
POWER_SUPPLY_CHARGE_NOW=2142000
POWER_SUPPLY_CAPACITY=100
POWER_SUPPLY_CAPACITY_LEVEL=Normal
POWER_SUPPLY_MODEL_NAME=PABAS0241231
POWER_SUPPLY_MANUFACTURER=Hewlett-Packard 
POWER_SUPPLY_SERIAL_NUMBER=41167
SEQNUM=4534

KERNEL[4958.141426] change   /devices/pci0000:00/0000:00:1f.0/ACPI0003:00/power_supply/ACAD (power_supply)
ACTION=change
DEVPATH=/devices/pci0000:00/0000:00:1f.0/ACPI0003:00/power_supply/ACAD
SUBSYSTEM=power_supply
DEVTYPE=power_supply
POWER_SUPPLY_NAME=ACAD
POWER_SUPPLY_TYPE=Mains
POWER_SUPPLY_ONLINE=1
SEQNUM=4535

KERNEL[4959.157096] change   /devices/LNXSYSTM:00/LNXSYBUS:00/PNP0A08:00/device:18/PNP0C0A:00/power_supply/BAT1 (power_supply)
ACTION=change
DEVPATH=/devices/LNXSYSTM:00/LNXSYBUS:00/PNP0A08:00/device:18/PNP0C0A:00/power_supply/BAT1
SUBSYSTEM=power_supply
DEVTYPE=power_supply
POWER_SUPPLY_NAME=BAT1
POWER_SUPPLY_TYPE=Battery
POWER_SUPPLY_STATUS=Charging
POWER_SUPPLY_PRESENT=1
POWER_SUPPLY_TECHNOLOGY=Li-ion
POWER_SUPPLY_CYCLE_COUNT=0
POWER_SUPPLY_VOLTAGE_MIN_DESIGN=14600000
POWER_SUPPLY_VOLTAGE_NOW=16471000
POWER_SUPPLY_CURRENT_NOW=278000
POWER_SUPPLY_CHARGE_FULL_DESIGN=2200000
POWER_SUPPLY_CHARGE_FULL=2142000
POWER_SUPPLY_CHARGE_NOW=2140000
POWER_SUPPLY_CAPACITY=100
POWER_SUPPLY_CAPACITY_LEVEL=Normal
POWER_SUPPLY_MODEL_NAME=PABAS0241231
POWER_SUPPLY_MANUFACTURER=Hewlett-Packard 
POWER_SUPPLY_SERIAL_NUMBER=41167
SEQNUM=4536

