DEVPATH=/devices/pci0000:00/0000:00:14.0/usb1/1-3
DEVNAME=/dev/bus/usb/001/003
DEVTYPE=usb_device
DRIVER=usb
PRODUCT=2357/11e/200
TYPE=0/0/0
BUSNUM=001
DEVNUM=003
MAJOR=189
MINOR=2
SUBSYSTEM=usb
USEC_INITIALIZED=5397072
ID_BUS=usb
ID_MODEL=802.11ac_WLAN_Adapter
ID_MODEL_ENC=802.11ac\x20WLAN\x20Adapter\x20
ID_MODEL_ID=011e
ID_SERIAL=Realtek_802.11ac_WLAN_Adapter_00e04c000001
ID_SERIAL_SHORT=00e04c000001
ID_VENDOR=Realtek
ID_VENDOR_ENC=Realtek\x20
ID_VENDOR_ID=2357
ID_REVISION=0200
ID_USB_MODEL=802.11ac_WLAN_Adapter
ID_USB_MODEL_ENC=802.11ac\x20WLAN\x20Adapter\x20
ID_USB_MODEL_ID=011e
ID_USB_SERIAL=Realtek_802.11ac_WLAN_Adapter_00e04c000001
ID_USB_SERIAL_SHORT=00e04c000001
ID_USB_VENDOR=Realtek
ID_USB_VENDOR_ENC=Realtek\x20
ID_USB_VENDOR_ID=2357
ID_USB_REVISION=0200
ID_USB_INTERFACES=:ffffff:
ID_VENDOR_FROM_DATABASE=TP-Link
ID_MODEL_FROM_DATABASE=AC600 wireless Realtek RTL8811AU [Archer T2U Nano]
ID_PATH_WITH_USB_REVISION=pci-0000:00:14.0-usbv2-0:3
ID_PATH=pci-0000:00:14.0-usb-0:3
ID_PATH_TAG=pci-0000_00_14_0-usb-0_3
ID_FOR_SEAT=usb-pci-0000_00_14_0-usb-0_3
TAGS=:seat:
CURRENT_TAGS=:seat:
