
Udevadm info starts with the device specified by the devpath and then
walks up the chain of parent devices. It prints for every device
found, all possible attributes in the udev rules key format.
A rule to match, can be composed by the attributes of the device
and the attributes from one single parent device.

  looking at device '/devices/pci0000:00/0000:00:14.0/usb1/1-3':
    KERNEL=="1-3"
    SUBSYSTEM=="usb"
    DRIVER=="usb"
    ATTR{authorized}=="1"
    ATTR{avoid_reset_quirk}=="0"
    ATTR{bConfigurationValue}=="1"
    ATTR{bDeviceClass}=="00"
    ATTR{bDeviceProtocol}=="00"
    ATTR{bDeviceSubClass}=="00"
    ATTR{bMaxPacketSize0}=="64"
    ATTR{bMaxPower}=="500mA"
    ATTR{bNumConfigurations}=="1"
    ATTR{bNumInterfaces}==" 1"
    ATTR{bcdDevice}=="0200"
    ATTR{bmAttributes}=="e0"
    ATTR{busnum}=="1"
    ATTR{configuration}==""
    ATTR{devnum}=="3"
    ATTR{devpath}=="3"
    ATTR{idProduct}=="011e"
    ATTR{idVendor}=="2357"
    ATTR{ltm_capable}=="no"
    ATTR{manufacturer}=="Realtek "
    ATTR{maxchild}=="0"
    ATTR{physical_location/dock}=="no"
    ATTR{physical_location/horizontal_position}=="left"
    ATTR{physical_location/lid}=="no"
    ATTR{physical_location/panel}=="top"
    ATTR{physical_location/vertical_position}=="upper"
    ATTR{power/active_duration}=="7119766"
    ATTR{power/autosuspend}=="2"
    ATTR{power/autosuspend_delay_ms}=="2000"
    ATTR{power/connected_duration}=="7119760"
    ATTR{power/control}=="on"
    ATTR{power/level}=="on"
    ATTR{power/persist}=="1"
    ATTR{power/runtime_active_time}=="7119524"
    ATTR{power/runtime_status}=="active"
    ATTR{power/runtime_suspended_time}=="0"
    ATTR{power/usb2_hardware_lpm}=="disabled"
    ATTR{power/usb2_lpm_besl}=="4"
    ATTR{power/usb2_lpm_l1_timeout}=="512"
    ATTR{power/wakeup}=="disabled"
    ATTR{power/wakeup_abort_count}==""
    ATTR{power/wakeup_active}==""
    ATTR{power/wakeup_active_count}==""
    ATTR{power/wakeup_count}==""
    ATTR{power/wakeup_expire_count}==""
    ATTR{power/wakeup_last_time_ms}==""
    ATTR{power/wakeup_max_time_ms}==""
    ATTR{power/wakeup_total_time_ms}==""
    ATTR{product}=="802.11ac WLAN Adapter "
    ATTR{quirks}=="0x0"
    ATTR{removable}=="removable"
    ATTR{remove}=="(not readable)"
    ATTR{rx_lanes}=="1"
    ATTR{serial}=="00e04c000001"
    ATTR{speed}=="480"
    ATTR{tx_lanes}=="1"
    ATTR{urbnum}=="450185"
    ATTR{version}==" 2.10"

  looking at parent device '/devices/pci0000:00/0000:00:14.0/usb1':
    KERNELS=="usb1"
    SUBSYSTEMS=="usb"
    DRIVERS=="usb"
    ATTRS{authorized}=="1"
    ATTRS{authorized_default}=="1"
    ATTRS{avoid_reset_quirk}=="0"
    ATTRS{bConfigurationValue}=="1"
    ATTRS{bDeviceClass}=="09"
    ATTRS{bDeviceProtocol}=="01"
    ATTRS{bDeviceSubClass}=="00"
    ATTRS{bMaxPacketSize0}=="64"
    ATTRS{bMaxPower}=="0mA"
    ATTRS{bNumConfigurations}=="1"
    ATTRS{bNumInterfaces}==" 1"
    ATTRS{bcdDevice}=="0617"
    ATTRS{bmAttributes}=="e0"
    ATTRS{busnum}=="1"
    ATTRS{configuration}==""
    ATTRS{devnum}=="1"
    ATTRS{devpath}=="0"
    ATTRS{idProduct}=="0002"
    ATTRS{idVendor}=="1d6b"
    ATTRS{interface_authorized_default}=="1"
    ATTRS{ltm_capable}=="no"
    ATTRS{manufacturer}=="Linux 6.17.8-arch1-1 xhci-hcd"
    ATTRS{maxchild}=="12"
    ATTRS{power/active_duration}=="7120142"
    ATTRS{power/autosuspend}=="0"
    ATTRS{power/autosuspend_delay_ms}=="0"
    ATTRS{power/connected_duration}=="7120142"
    ATTRS{power/control}=="auto"
    ATTRS{power/level}=="auto"
    ATTRS{power/runtime_active_time}=="7120145"
    ATTRS{power/runtime_status}=="active"
    ATTRS{power/runtime_suspended_time}=="0"
    ATTRS{power/wakeup}=="disabled"
    ATTRS{power/wakeup_abort_count}==""
    ATTRS{power/wakeup_active}==""
    ATTRS{power/wakeup_active_count}==""
    ATTRS{power/wakeup_count}==""
    ATTRS{power/wakeup_expire_count}==""
    ATTRS{power/wakeup_last_time_ms}==""
    ATTRS{power/wakeup_max_time_ms}==""
    ATTRS{power/wakeup_total_time_ms}==""
    ATTRS{product}=="xHCI Host Controller"
    ATTRS{quirks}=="0x0"
    ATTRS{removable}=="unknown"
    ATTRS{remove}=="(not readable)"
    ATTRS{rx_lanes}=="1"
    ATTRS{serial}=="0000:00:14.0"
    ATTRS{speed}=="480"
    ATTRS{tx_lanes}=="1"
    ATTRS{urbnum}=="107"
    ATTRS{version}==" 2.00"

  looking at parent device '/devices/pci0000:00/0000:00:14.0':
    KERNELS=="0000:00:14.0"
    SUBSYSTEMS=="pci"
    DRIVERS=="xhci_hcd"
    ATTRS{ari_enabled}=="0"
    ATTRS{broken_parity_status}=="0"
    ATTRS{class}=="0x0c0330"
    ATTRS{consistent_dma_mask_bits}=="64"
    ATTRS{d3cold_allowed}=="1"
    ATTRS{dbc}=="disabled"
    ATTRS{dbc_bInterfaceProtocol}=="01"
    ATTRS{dbc_bcdDevice}=="0010"
    ATTRS{dbc_idProduct}=="0010"
    ATTRS{dbc_idVendor}=="1d6b"
    ATTRS{dbc_poll_interval_ms}=="64"
    ATTRS{device}=="0x9d2f"
    ATTRS{dma_mask_bits}=="64"
    ATTRS{driver_override}=="(null)"
    ATTRS{enable}=="1"
    ATTRS{irq}=="124"
    ATTRS{local_cpulist}=="0-3"
    ATTRS{local_cpus}=="f"
    ATTRS{msi_bus}=="1"
    ATTRS{msi_irqs/124}=="msi"
    ATTRS{msi_irqs/125}=="msi"
    ATTRS{msi_irqs/126}=="msi"
    ATTRS{msi_irqs/127}=="msi"
    ATTRS{msi_irqs/128}=="msi"
    ATTRS{numa_node}=="-1"
    ATTRS{power/control}=="auto"
    ATTRS{power/runtime_active_time}=="7120675"
    ATTRS{power/runtime_status}=="active"
    ATTRS{power/runtime_suspended_time}=="0"
    ATTRS{power/wakeup}=="enabled"
    ATTRS{power/wakeup_abort_count}=="0"
    ATTRS{power/wakeup_active}=="0"
    ATTRS{power/wakeup_active_count}=="0"
    ATTRS{power/wakeup_count}=="0"
    ATTRS{power/wakeup_expire_count}=="0"
    ATTRS{power/wakeup_last_time_ms}=="0"
    ATTRS{power/wakeup_max_time_ms}=="0"
    ATTRS{power/wakeup_total_time_ms}=="0"
    ATTRS{power_state}=="D0"
    ATTRS{remove}=="(not readable)"
    ATTRS{rescan}=="(not readable)"
    ATTRS{resource0}=="(not readable)"
    ATTRS{revision}=="0x21"
    ATTRS{subsystem_device}=="0x8136"
    ATTRS{subsystem_vendor}=="0x103c"
    ATTRS{vendor}=="0x8086"

  looking at parent device '/devices/pci0000:00':
    KERNELS=="pci0000:00"
    SUBSYSTEMS==""
    DRIVERS==""
    ATTRS{power/control}=="auto"
    ATTRS{power/runtime_active_time}=="0"
    ATTRS{power/runtime_status}=="unsupported"
    ATTRS{power/runtime_suspended_time}=="0"
    ATTRS{waiting_for_supplier}=="0"
