Device path:
  /devices/pci0000:00/0000:00:14.0/usb1/1-0:1.0
Device name:
  1-0:1.0
Device number:
  0
Device ID:
  +usb:1-0:1.0
Subsystem:
  usb
Device type:
  usb_interface
Device driver:
  hub
Properties:
  ACTION=add
  DEVPATH=/devices/pci0000:00/0000:00:14.0/usb1/1-0:1.0
  DEVTYPE=usb_interface
  DRIVER=hub
  ID_AUTOSUSPEND=1
  ID_MODEL_FROM_DATABASE=2.0 root hub
  ID_PATH=pci-0000:00:14.0-usb-0:0:1.0
  ID_PATH_TAG=pci-0000_00_14_0-usb-0_0_1_0
  ID_PATH_WITH_USB_REVISION=pci-0000:00:14.0-usbv2-0:0:1.0
  ID_PROCESSING=1
  ID_USB_CLASS_FROM_DATABASE=Hub
  ID_USB_PROTOCOL_FROM_DATABASE=Single TT
  ID_VENDOR_FROM_DATABASE=Linux Foundation
  INTERFACE=9/0/0
  MODALIAS=usb:v1D6Bp0002d0617dc09dsc00dp01ic09isc00ip00in00
  PRODUCT=1d6b/2/617
  SUBSYSTEM=usb
  TYPE=9/0/1
  UDEV_DATABASE_VERSION=1
  USEC_INITIALIZED=5396574
Queued commands:
  RUN{builtin} : kmod load
