monitor will print the received events for:
UDEV - the event which udev sends out after rule processing
KERNEL - the kernel uevent

KERNEL[4874.993931] change   /devices/pci0000:00/0000:00:14.0/usb1/1-3 (usb)
ACTION=change
DEVPATH=/devices/pci0000:00/0000:00:14.0/usb1/1-3
SUBSYSTEM=usb
DEVNAME=/dev/bus/usb/001/003
DEVTYPE=usb_device
DRIVER=usb
PRODUCT=2357/11e/200
TYPE=0/0/0
BUSNUM=001
DEVNUM=003
SEQNUM=4505
MAJOR=189
MINOR=2

KERNEL[4874.996519] add      /devices/pci0000:00/0000:00:14.0/usb1/1-3/1-3:1.0 (usb)
ACTION=add
DEVPATH=/devices/pci0000:00/0000:00:14.0/usb1/1-3/1-3:1.0
SUBSYSTEM=usb
DEVTYPE=usb_interface
PRODUCT=2357/11e/200
TYPE=0/0/0
INTERFACE=255/255/255
MODALIAS=usb:v2357p011Ed0200dc00dsc00dp00icFFiscFFipFFin00
SEQNUM=4506
DRIVER=rtw_8821au

KERNEL[4875.135979] bind     /devices/pci0000:00/0000:00:14.0/usb1/1-3/1-3:1.0 (usb)
ACTION=bind
DEVPATH=/devices/pci0000:00/0000:00:14.0/usb1/1-3/1-3:1.0
SUBSYSTEM=usb
DEVTYPE=usb_interface
DRIVER=rtw_8821au
PRODUCT=2357/11e/200
TYPE=0/0/0
INTERFACE=255/255/255
MODALIAS=usb:v2357p011Ed0200dc00dsc00dp00icFFiscFFipFFin00
SEQNUM=4514

UDEV  [4875.148963] change   /devices/pci0000:00/0000:00:14.0/usb1/1-3 (usb)
ACTION=change
DEVPATH=/devices/pci0000:00/0000:00:14.0/usb1/1-3
SUBSYSTEM=usb
DEVNAME=/dev/bus/usb/001/003
DEVTYPE=usb_device
DRIVER=usb
PRODUCT=2357/11e/200
TYPE=0/0/0
BUSNUM=001
DEVNUM=003
SEQNUM=4505
USEC_INITIALIZED=5397072
ID_BUS=usb
ID_MODEL=802.11ac_WLAN_Adapter
ID_MODEL_ENC=802.11ac\x20WLAN\x20Adapter\x20
ID_MODEL_ID=011e
ID_SERIAL=Realtek_802.11ac_WLAN_Adapter_00e04c000001
ID_SERIAL_SHORT=00e04c000001
ID_VENDOR=Realtek
ID_VENDOR_ENC=Realtek\x20
ID_VENDOR_ID=2357
ID_REVISION=0200
ID_USB_MODEL=802.11ac_WLAN_Adapter
ID_USB_MODEL_ENC=802.11ac\x20WLAN\x20Adapter\x20
ID_USB_MODEL_ID=011e
ID_USB_SERIAL=Realtek_802.11ac_WLAN_Adapter_00e04c000001
ID_USB_SERIAL_SHORT=00e04c000001
ID_USB_VENDOR=Realtek
ID_USB_VENDOR_ENC=Realtek\x20
ID_USB_VENDOR_ID=2357
ID_USB_REVISION=0200
ID_USB_INTERFACES=:ffffff:
ID_VENDOR_FROM_DATABASE=TP-Link
ID_MODEL_FROM_DATABASE=AC600 wireless Realtek RTL8811AU [Archer T2U Nano]
ID_PATH_WITH_USB_REVISION=pci-0000:00:14.0-usbv2-0:3
ID_PATH=pci-0000:00:14.0-usb-0:3
ID_PATH_TAG=pci-0000_00_14_0-usb-0_3
ID_FOR_SEAT=usb-pci-0000_00_14_0-usb-0_3
MAJOR=189
MINOR=2
TAGS=:seat:
CURRENT_TAGS=:seat:

UDEV  [4875.157293] add      /devices/pci0000:00/0000:00:14.0/usb1/1-3/1-3:1.0 (usb)
ACTION=add
DEVPATH=/devices/pci0000:00/0000:00:14.0/usb1/1-3/1-3:1.0
SUBSYSTEM=usb
DEVTYPE=usb_interface
PRODUCT=2357/11e/200
TYPE=0/0/0
INTERFACE=255/255/255
MODALIAS=usb:v2357p011Ed0200dc00dsc00dp00icFFiscFFipFFin00
SEQNUM=4506
DRIVER=rtw_8821au
USEC_INITIALIZED=4874994358
ID_VENDOR_FROM_DATABASE=TP-Link
ID_MODEL_FROM_DATABASE=AC600 wireless Realtek RTL8811AU [Archer T2U Nano]
ID_PATH_WITH_USB_REVISION=pci-0000:00:14.0-usbv2-0:3:1.0
ID_PATH=pci-0000:00:14.0-usb-0:3:1.0
ID_PATH_TAG=pci-0000_00_14_0-usb-0_3_1_0

UDEV  [4875.188787] bind     /devices/pci0000:00/0000:00:14.0/usb1/1-3/1-3:1.0 (usb)
ACTION=bind
DEVPATH=/devices/pci0000:00/0000:00:14.0/usb1/1-3/1-3:1.0
SUBSYSTEM=usb
DEVTYPE=usb_interface
DRIVER=rtw_8821au
PRODUCT=2357/11e/200
TYPE=0/0/0
INTERFACE=255/255/255
MODALIAS=usb:v2357p011Ed0200dc00dsc00dp00icFFiscFFipFFin00
SEQNUM=4514
USEC_INITIALIZED=4874994358
ID_VENDOR_FROM_DATABASE=TP-Link
ID_MODEL_FROM_DATABASE=AC600 wireless Realtek RTL8811AU [Archer T2U Nano]
ID_PATH_WITH_USB_REVISION=pci-0000:00:14.0-usbv2-0:3:1.0
ID_PATH=pci-0000:00:14.0-usb-0:3:1.0
ID_PATH_TAG=pci-0000_00_14_0-usb-0_3_1_0

