monitor will print the received events for:
UDEV - the event which udev sends out after rule processing
KERNEL - the kernel uevent

KERNEL[4854.369964] change   /devices/pci0000:00/0000:00:1f.0/ACPI0003:00/power_supply/ACAD (power_supply)
ACTION=change
DEVPATH=/devices/pci0000:00/0000:00:1f.0/ACPI0003:00/power_supply/ACAD
SUBSYSTEM=power_supply
DEVTYPE=power_supply
POWER_SUPPLY_NAME=ACAD
POWER_SUPPLY_TYPE=Mains
POWER_SUPPLY_ONLINE=0
SEQNUM=4501

UDEV  [4854.409608] change   /devices/pci0000:00/0000:00:1f.0/ACPI0003:00/power_supply/ACAD (power_supply)
ACTION=change
DEVPATH=/devices/pci0000:00/0000:00:1f.0/ACPI0003:00/power_supply/ACAD
SUBSYSTEM=power_supply
DEVTYPE=power_supply
POWER_SUPPLY_NAME=ACAD
POWER_SUPPLY_TYPE=Mains
POWER_SUPPLY_ONLINE=0
SEQNUM=4501
USEC_INITIALIZED=4854369557

KERNEL[4855.388164] change   /devices/LNXSYSTM:00/LNXSYBUS:00/PNP0A08:00/device:18/PNP0C0A:00/power_supply/BAT1 (power_supply)
ACTION=change
DEVPATH=/devices/LNXSYSTM:00/LNXSYBUS:00/PNP0A08:00/device:18/PNP0C0A:00/power_supply/BAT1
SUBSYSTEM=power_supply
DEVTYPE=power_supply
POWER_SUPPLY_NAME=BAT1
POWER_SUPPLY_TYPE=Battery
POWER_SUPPLY_STATUS=Discharging
POWER_SUPPLY_PRESENT=1
POWER_SUPPLY_TECHNOLOGY=Li-ion
POWER_SUPPLY_CYCLE_COUNT=0
POWER_SUPPLY_VOLTAGE_MIN_DESIGN=14600000
POWER_SUPPLY_VOLTAGE_NOW=16776000
POWER_SUPPLY_CURRENT_NOW=243000
POWER_SUPPLY_CHARGE_FULL_DESIGN=2200000
POWER_SUPPLY_CHARGE_FULL=2142000
POWER_SUPPLY_CHARGE_NOW=2142000
POWER_SUPPLY_CAPACITY=100
POWER_SUPPLY_CAPACITY_LEVEL=Normal
POWER_SUPPLY_MODEL_NAME=PABAS0241231
POWER_SUPPLY_MANUFACTURER=Hewlett-Packard 
POWER_SUPPLY_SERIAL_NUMBER=41167
SEQNUM=4502

UDEV  [4855.408216] change   /devices/LNXSYSTM:00/LNXSYBUS:00/PNP0A08:00/device:18/PNP0C0A:00/power_supply/BAT1 (power_supply)
ACTION=change
DEVPATH=/devices/LNXSYSTM:00/LNXSYBUS:00/PNP0A08:00/device:18/PNP0C0A:00/power_supply/BAT1
SUBSYSTEM=power_supply
DEVTYPE=power_supply
POWER_SUPPLY_NAME=BAT1
POWER_SUPPLY_TYPE=Battery
POWER_SUPPLY_STATUS=Discharging
POWER_SUPPLY_PRESENT=1
POWER_SUPPLY_TECHNOLOGY=Li-ion
POWER_SUPPLY_CYCLE_COUNT=0
POWER_SUPPLY_VOLTAGE_MIN_DESIGN=14600000
POWER_SUPPLY_VOLTAGE_NOW=16776000
POWER_SUPPLY_CURRENT_NOW=243000
POWER_SUPPLY_CHARGE_FULL_DESIGN=2200000
POWER_SUPPLY_CHARGE_FULL=2142000
POWER_SUPPLY_CHARGE_NOW=2142000
POWER_SUPPLY_CAPACITY=100
POWER_SUPPLY_CAPACITY_LEVEL=Normal
POWER_SUPPLY_MODEL_NAME=PABAS0241231
POWER_SUPPLY_MANUFACTURER=Hewlett-Packard 
POWER_SUPPLY_SERIAL_NUMBER=41167
SEQNUM=4502
USEC_INITIALIZED=4855385756

KERNEL[4869.627356] change   /devices/pci0000:00/0000:00:1f.0/ACPI0003:00/power_supply/ACAD (power_supply)
ACTION=change
DEVPATH=/devices/pci0000:00/0000:00:1f.0/ACPI0003:00/power_supply/ACAD
SUBSYSTEM=power_supply
DEVTYPE=power_supply
POWER_SUPPLY_NAME=ACAD
POWER_SUPPLY_TYPE=Mains
POWER_SUPPLY_ONLINE=1
SEQNUM=4503

UDEV  [4869.666791] change   /devices/pci0000:00/0000:00:1f.0/ACPI0003:00/power_supply/ACAD (power_supply)
ACTION=change
DEVPATH=/devices/pci0000:00/0000:00:1f.0/ACPI0003:00/power_supply/ACAD
SUBSYSTEM=power_supply
DEVTYPE=power_supply
POWER_SUPPLY_NAME=ACAD
POWER_SUPPLY_TYPE=Mains
POWER_SUPPLY_ONLINE=1
SEQNUM=4503
USEC_INITIALIZED=4869627886

KERNEL[4870.636325] change   /devices/LNXSYSTM:00/LNXSYBUS:00/PNP0A08:00/device:18/PNP0C0A:00/power_supply/BAT1 (power_supply)
ACTION=change
DEVPATH=/devices/LNXSYSTM:00/LNXSYBUS:00/PNP0A08:00/device:18/PNP0C0A:00/power_supply/BAT1
SUBSYSTEM=power_supply
DEVTYPE=power_supply
POWER_SUPPLY_NAME=BAT1
POWER_SUPPLY_TYPE=Battery
POWER_SUPPLY_STATUS=Charging
POWER_SUPPLY_PRESENT=1
POWER_SUPPLY_TECHNOLOGY=Li-ion
POWER_SUPPLY_CYCLE_COUNT=0
POWER_SUPPLY_VOLTAGE_MIN_DESIGN=14600000
POWER_SUPPLY_VOLTAGE_NOW=16454000
POWER_SUPPLY_CURRENT_NOW=387000
POWER_SUPPLY_CHARGE_FULL_DESIGN=2200000
POWER_SUPPLY_CHARGE_FULL=2142000
POWER_SUPPLY_CHARGE_NOW=2140000
POWER_SUPPLY_CAPACITY=100
POWER_SUPPLY_CAPACITY_LEVEL=Normal
POWER_SUPPLY_MODEL_NAME=PABAS0241231
POWER_SUPPLY_MANUFACTURER=Hewlett-Packard 
POWER_SUPPLY_SERIAL_NUMBER=41167
SEQNUM=4504

UDEV  [4870.650539] change   /devices/LNXSYSTM:00/LNXSYBUS:00/PNP0A08:00/device:18/PNP0C0A:00/power_supply/BAT1 (power_supply)
ACTION=change
DEVPATH=/devices/LNXSYSTM:00/LNXSYBUS:00/PNP0A08:00/device:18/PNP0C0A:00/power_supply/BAT1
SUBSYSTEM=power_supply
DEVTYPE=power_supply
POWER_SUPPLY_NAME=BAT1
POWER_SUPPLY_TYPE=Battery
POWER_SUPPLY_STATUS=Charging
POWER_SUPPLY_PRESENT=1
POWER_SUPPLY_TECHNOLOGY=Li-ion
POWER_SUPPLY_CYCLE_COUNT=0
POWER_SUPPLY_VOLTAGE_MIN_DESIGN=14600000
POWER_SUPPLY_VOLTAGE_NOW=16454000
POWER_SUPPLY_CURRENT_NOW=387000
POWER_SUPPLY_CHARGE_FULL_DESIGN=2200000
POWER_SUPPLY_CHARGE_FULL=2142000
POWER_SUPPLY_CHARGE_NOW=2140000
POWER_SUPPLY_CAPACITY=100
POWER_SUPPLY_CAPACITY_LEVEL=Normal
POWER_SUPPLY_MODEL_NAME=PABAS0241231
POWER_SUPPLY_MANUFACTURER=Hewlett-Packard 
POWER_SUPPLY_SERIAL_NUMBER=41167
SEQNUM=4504
USEC_INITIALIZED=4870635559

KERNEL[4874.993653] change   /devices/pci0000:00/0000:00:14.0/usb1/1-3 (usb)
ACTION=change
DEVPATH=/devices/pci0000:00/0000:00:14.0/usb1/1-3
SUBSYSTEM=usb
DEVNAME=/dev/bus/usb/001/003
DEVTYPE=usb_device
DRIVER=usb
PRODUCT=2357/11e/200
TYPE=0/0/0
BUSNUM=001
DEVNUM=003
SEQNUM=4505
MAJOR=189
MINOR=2

KERNEL[4874.993936] add      /devices/pci0000:00/0000:00:14.0/usb1/1-3/1-3:1.0 (usb)
ACTION=add
DEVPATH=/devices/pci0000:00/0000:00:14.0/usb1/1-3/1-3:1.0
SUBSYSTEM=usb
DEVTYPE=usb_interface
PRODUCT=2357/11e/200
TYPE=0/0/0
INTERFACE=255/255/255
MODALIAS=usb:v2357p011Ed0200dc00dsc00dp00icFFiscFFipFFin00
SEQNUM=4506
DRIVER=rtw_8821au

KERNEL[4875.112857] add      /devices/pci0000:00/0000:00:14.0/usb1/1-3/1-3:1.0/leds/rtw88-1-3:1.0 (leds)
ACTION=add
DEVPATH=/devices/pci0000:00/0000:00:14.0/usb1/1-3/1-3:1.0/leds/rtw88-1-3:1.0
SUBSYSTEM=leds
SEQNUM=4507

KERNEL[4875.124027] change   /devices/pci0000:00/0000:00:14.0/usb1/1-3/1-3:1.0/leds/rtw88-1-3:1.0 (leds)
ACTION=change
DEVPATH=/devices/pci0000:00/0000:00:14.0/usb1/1-3/1-3:1.0/leds/rtw88-1-3:1.0
SUBSYSTEM=leds
TRIGGER=phy1tpt
SEQNUM=4508

KERNEL[4875.125449] add      /devices/pci0000:00/0000:00:14.0/usb1/1-3/1-3:1.0/ieee80211/phy1 (ieee80211)
ACTION=add
DEVPATH=/devices/pci0000:00/0000:00:14.0/usb1/1-3/1-3:1.0/ieee80211/phy1
SUBSYSTEM=ieee80211
SEQNUM=4509

KERNEL[4875.128674] add      /devices/pci0000:00/0000:00:14.0/usb1/1-3/1-3:1.0/ieee80211/phy1/rfkill2 (rfkill)
ACTION=add
DEVPATH=/devices/pci0000:00/0000:00:14.0/usb1/1-3/1-3:1.0/ieee80211/phy1/rfkill2
SUBSYSTEM=rfkill
RFKILL_NAME=phy1
RFKILL_TYPE=wlan
RFKILL_STATE=1
RFKILL_HW_BLOCK_REASON=0x0
SEQNUM=4510

KERNEL[4875.131455] add      /devices/pci0000:00/0000:00:14.0/usb1/1-3/1-3:1.0/net/wlan0 (net)
ACTION=add
DEVPATH=/devices/pci0000:00/0000:00:14.0/usb1/1-3/1-3:1.0/net/wlan0
SUBSYSTEM=net
DEVTYPE=wlan
INTERFACE=wlan0
IFINDEX=4
SEQNUM=4511

KERNEL[4875.131988] add      /devices/pci0000:00/0000:00:14.0/usb1/1-3/1-3:1.0/net/wlan0/queues/rx-0 (queues)
ACTION=add
DEVPATH=/devices/pci0000:00/0000:00:14.0/usb1/1-3/1-3:1.0/net/wlan0/queues/rx-0
SUBSYSTEM=queues
SEQNUM=4512

KERNEL[4875.132526] add      /devices/pci0000:00/0000:00:14.0/usb1/1-3/1-3:1.0/net/wlan0/queues/tx-0 (queues)
ACTION=add
DEVPATH=/devices/pci0000:00/0000:00:14.0/usb1/1-3/1-3:1.0/net/wlan0/queues/tx-0
SUBSYSTEM=queues
SEQNUM=4513

KERNEL[4875.137334] bind     /devices/pci0000:00/0000:00:14.0/usb1/1-3/1-3:1.0 (usb)
ACTION=bind
DEVPATH=/devices/pci0000:00/0000:00:14.0/usb1/1-3/1-3:1.0
SUBSYSTEM=usb
DEVTYPE=usb_interface
DRIVER=rtw_8821au
PRODUCT=2357/11e/200
TYPE=0/0/0
INTERFACE=255/255/255
MODALIAS=usb:v2357p011Ed0200dc00dsc00dp00icFFiscFFipFFin00
SEQNUM=4514

UDEV  [4875.146991] change   /devices/pci0000:00/0000:00:14.0/usb1/1-3 (usb)
ACTION=change
DEVPATH=/devices/pci0000:00/0000:00:14.0/usb1/1-3
SUBSYSTEM=usb
DEVNAME=/dev/bus/usb/001/003
DEVTYPE=usb_device
DRIVER=usb
PRODUCT=2357/11e/200
TYPE=0/0/0
BUSNUM=001
DEVNUM=003
SEQNUM=4505
USEC_INITIALIZED=5397072
ID_BUS=usb
ID_MODEL=802.11ac_WLAN_Adapter
ID_MODEL_ENC=802.11ac\x20WLAN\x20Adapter\x20
ID_MODEL_ID=011e
ID_SERIAL=Realtek_802.11ac_WLAN_Adapter_00e04c000001
ID_SERIAL_SHORT=00e04c000001
ID_VENDOR=Realtek
ID_VENDOR_ENC=Realtek\x20
ID_VENDOR_ID=2357
ID_REVISION=0200
ID_USB_MODEL=802.11ac_WLAN_Adapter
ID_USB_MODEL_ENC=802.11ac\x20WLAN\x20Adapter\x20
ID_USB_MODEL_ID=011e
ID_USB_SERIAL=Realtek_802.11ac_WLAN_Adapter_00e04c000001
ID_USB_SERIAL_SHORT=00e04c000001
ID_USB_VENDOR=Realtek
ID_USB_VENDOR_ENC=Realtek\x20
ID_USB_VENDOR_ID=2357
ID_USB_REVISION=0200
ID_USB_INTERFACES=:ffffff:
ID_VENDOR_FROM_DATABASE=TP-Link
ID_MODEL_FROM_DATABASE=AC600 wireless Realtek RTL8811AU [Archer T2U Nano]
ID_PATH_WITH_USB_REVISION=pci-0000:00:14.0-usbv2-0:3
ID_PATH=pci-0000:00:14.0-usb-0:3
ID_PATH_TAG=pci-0000_00_14_0-usb-0_3
ID_FOR_SEAT=usb-pci-0000_00_14_0-usb-0_3
MAJOR=189
MINOR=2
TAGS=:seat:
CURRENT_TAGS=:seat:

UDEV  [4875.155788] add      /devices/pci0000:00/0000:00:14.0/usb1/1-3/1-3:1.0 (usb)
ACTION=add
DEVPATH=/devices/pci0000:00/0000:00:14.0/usb1/1-3/1-3:1.0
SUBSYSTEM=usb
DEVTYPE=usb_interface
PRODUCT=2357/11e/200
TYPE=0/0/0
INTERFACE=255/255/255
MODALIAS=usb:v2357p011Ed0200dc00dsc00dp00icFFiscFFipFFin00
SEQNUM=4506
DRIVER=rtw_8821au
USEC_INITIALIZED=4874994358
ID_VENDOR_FROM_DATABASE=TP-Link
ID_MODEL_FROM_DATABASE=AC600 wireless Realtek RTL8811AU [Archer T2U Nano]
ID_PATH_WITH_USB_REVISION=pci-0000:00:14.0-usbv2-0:3:1.0
ID_PATH=pci-0000:00:14.0-usb-0:3:1.0
ID_PATH_TAG=pci-0000_00_14_0-usb-0_3_1_0

UDEV  [4875.162474] add      /devices/pci0000:00/0000:00:14.0/usb1/1-3/1-3:1.0/leds/rtw88-1-3:1.0 (leds)
ACTION=add
DEVPATH=/devices/pci0000:00/0000:00:14.0/usb1/1-3/1-3:1.0/leds/rtw88-1-3:1.0
SUBSYSTEM=leds
SEQNUM=4507
USEC_INITIALIZED=4875113024
ID_PATH_WITH_USB_REVISION=pci-0000:00:14.0-usbv2-0:3:1.0
ID_PATH=pci-0000:00:14.0-usb-0:3:1.0
ID_PATH_TAG=pci-0000_00_14_0-usb-0_3_1_0
ID_FOR_SEAT=leds-pci-0000_00_14_0-usb-0_3_1_0
TAGS=:seat:
CURRENT_TAGS=:seat:

UDEV  [4875.164064] add      /devices/pci0000:00/0000:00:14.0/usb1/1-3/1-3:1.0/ieee80211/phy1 (ieee80211)
ACTION=add
DEVPATH=/devices/pci0000:00/0000:00:14.0/usb1/1-3/1-3:1.0/ieee80211/phy1
SUBSYSTEM=ieee80211
SEQNUM=4509
USEC_INITIALIZED=4875125322

UDEV  [4875.166552] change   /devices/pci0000:00/0000:00:14.0/usb1/1-3/1-3:1.0/leds/rtw88-1-3:1.0 (leds)
ACTION=change
DEVPATH=/devices/pci0000:00/0000:00:14.0/usb1/1-3/1-3:1.0/leds/rtw88-1-3:1.0
SUBSYSTEM=leds
TRIGGER=phy1tpt
SEQNUM=4508
USEC_INITIALIZED=4875113024
ID_PATH_WITH_USB_REVISION=pci-0000:00:14.0-usbv2-0:3:1.0
ID_PATH=pci-0000:00:14.0-usb-0:3:1.0
ID_PATH_TAG=pci-0000_00_14_0-usb-0_3_1_0
ID_FOR_SEAT=leds-pci-0000_00_14_0-usb-0_3_1_0
TAGS=:seat:
CURRENT_TAGS=:seat:

UDEV  [4875.170471] add      /devices/pci0000:00/0000:00:14.0/usb1/1-3/1-3:1.0/ieee80211/phy1/rfkill2 (rfkill)
ACTION=add
DEVPATH=/devices/pci0000:00/0000:00:14.0/usb1/1-3/1-3:1.0/ieee80211/phy1/rfkill2
SUBSYSTEM=rfkill
RFKILL_NAME=phy1
RFKILL_TYPE=wlan
RFKILL_STATE=1
RFKILL_HW_BLOCK_REASON=0x0
SEQNUM=4510
USEC_INITIALIZED=4875129594
SYSTEMD_RFKILL=1
ID_PATH_WITH_USB_REVISION=pci-0000:00:14.0-usbv2-0:3:1.0
ID_PATH=pci-0000:00:14.0-usb-0:3:1.0
ID_PATH_TAG=pci-0000_00_14_0-usb-0_3_1_0

KERNEL[4875.173562] move     /devices/pci0000:00/0000:00:14.0/usb1/1-3/1-3:1.0/net/wlp0s20f0u3 (net)
ACTION=move
DEVPATH=/devices/pci0000:00/0000:00:14.0/usb1/1-3/1-3:1.0/net/wlp0s20f0u3
SUBSYSTEM=net
DEVPATH_OLD=/devices/pci0000:00/0000:00:14.0/usb1/1-3/1-3:1.0/net/wlan0
DEVTYPE=wlan
INTERFACE=wlp0s20f0u3
IFINDEX=4
SEQNUM=4515

UDEV  [4875.181546] add      /devices/pci0000:00/0000:00:14.0/usb1/1-3/1-3:1.0/net/wlp0s20f0u3 (net)
ACTION=add
DEVPATH=/devices/pci0000:00/0000:00:14.0/usb1/1-3/1-3:1.0/net/wlp0s20f0u3
SUBSYSTEM=net
DEVTYPE=wlan
INTERFACE=wlp0s20f0u3
IFINDEX=4
SEQNUM=4511
USEC_INITIALIZED=4875137177
ID_NET_DRIVER=rtw_8821au
ID_BUS=usb
ID_MODEL=802.11ac_WLAN_Adapter
ID_MODEL_ENC=802.11ac\x20WLAN\x20Adapter\x20
ID_MODEL_ID=011e
ID_SERIAL=Realtek_802.11ac_WLAN_Adapter_00e04c000001
ID_SERIAL_SHORT=00e04c000001
ID_VENDOR=Realtek
ID_VENDOR_ENC=Realtek\x20
ID_VENDOR_ID=2357
ID_REVISION=0200
ID_TYPE=generic
ID_USB_MODEL=802.11ac_WLAN_Adapter
ID_USB_MODEL_ENC=802.11ac\x20WLAN\x20Adapter\x20
ID_USB_MODEL_ID=011e
ID_USB_SERIAL=Realtek_802.11ac_WLAN_Adapter_00e04c000001
ID_USB_SERIAL_SHORT=00e04c000001
ID_USB_VENDOR=Realtek
ID_USB_VENDOR_ENC=Realtek\x20
ID_USB_VENDOR_ID=2357
ID_USB_REVISION=0200
ID_USB_TYPE=generic
ID_USB_INTERFACES=:ffffff:
ID_USB_INTERFACE_NUM=00
ID_USB_DRIVER=rtw_8821au
ID_VENDOR_FROM_DATABASE=TP-Link
ID_MODEL_FROM_DATABASE=AC600 wireless Realtek RTL8811AU [Archer T2U Nano]
ID_NET_NAMING_SCHEME=v258
ID_NET_NAME_MAC=wlx8c902d952038
ID_OUI_FROM_DATABASE=TP-Link Systems Inc.
ID_NET_NAME_PATH=wlp0s20f0u3
ID_PATH_WITH_USB_REVISION=pci-0000:00:14.0-usbv2-0:3:1.0
ID_PATH=pci-0000:00:14.0-usb-0:3:1.0
ID_PATH_TAG=pci-0000_00_14_0-usb-0_3_1_0
ID_NET_LINK_FILE=/usr/lib/systemd/network/99-default.link
ID_NET_NAME=wlp0s20f0u3
SYSTEMD_ALIAS=/sys/subsystem/net/devices/wlp0s20f0u3
INTERFACE_OLD=wlan0
ID_RENAMING=1
TAGS=:systemd:
CURRENT_TAGS=:systemd:

UDEV  [4875.185441] add      /devices/pci0000:00/0000:00:14.0/usb1/1-3/1-3:1.0/net/wlan0/queues/rx-0 (queues)
ACTION=add
DEVPATH=/devices/pci0000:00/0000:00:14.0/usb1/1-3/1-3:1.0/net/wlan0/queues/rx-0
SUBSYSTEM=queues
SEQNUM=4512
USEC_INITIALIZED=4875137870

UDEV  [4875.185603] add      /devices/pci0000:00/0000:00:14.0/usb1/1-3/1-3:1.0/net/wlan0/queues/tx-0 (queues)
ACTION=add
DEVPATH=/devices/pci0000:00/0000:00:14.0/usb1/1-3/1-3:1.0/net/wlan0/queues/tx-0
SUBSYSTEM=queues
SEQNUM=4513
USEC_INITIALIZED=4875138624

UDEV  [4875.188776] bind     /devices/pci0000:00/0000:00:14.0/usb1/1-3/1-3:1.0 (usb)
ACTION=bind
DEVPATH=/devices/pci0000:00/0000:00:14.0/usb1/1-3/1-3:1.0
SUBSYSTEM=usb
DEVTYPE=usb_interface
DRIVER=rtw_8821au
PRODUCT=2357/11e/200
TYPE=0/0/0
INTERFACE=255/255/255
MODALIAS=usb:v2357p011Ed0200dc00dsc00dp00icFFiscFFipFFin00
SEQNUM=4514
USEC_INITIALIZED=4874994358
ID_VENDOR_FROM_DATABASE=TP-Link
ID_MODEL_FROM_DATABASE=AC600 wireless Realtek RTL8811AU [Archer T2U Nano]
ID_PATH_WITH_USB_REVISION=pci-0000:00:14.0-usbv2-0:3:1.0
ID_PATH=pci-0000:00:14.0-usb-0:3:1.0
ID_PATH_TAG=pci-0000_00_14_0-usb-0_3_1_0

UDEV  [4875.449339] move     /devices/pci0000:00/0000:00:14.0/usb1/1-3/1-3:1.0/net/wlp0s20f0u3 (net)
ACTION=move
DEVPATH=/devices/pci0000:00/0000:00:14.0/usb1/1-3/1-3:1.0/net/wlp0s20f0u3
SUBSYSTEM=net
DEVPATH_OLD=/devices/pci0000:00/0000:00:14.0/usb1/1-3/1-3:1.0/net/wlan0
DEVTYPE=wlan
INTERFACE=wlp0s20f0u3
IFINDEX=4
SEQNUM=4515
USEC_INITIALIZED=4875137177
ID_NET_DRIVER=rtw_8821au
ID_BUS=usb
ID_MODEL=802.11ac_WLAN_Adapter
ID_MODEL_ENC=802.11ac\x20WLAN\x20Adapter\x20
ID_MODEL_ID=011e
ID_SERIAL=Realtek_802.11ac_WLAN_Adapter_00e04c000001
ID_SERIAL_SHORT=00e04c000001
ID_VENDOR=Realtek
ID_VENDOR_ENC=Realtek\x20
ID_VENDOR_ID=2357
ID_REVISION=0200
ID_TYPE=generic
ID_USB_MODEL=802.11ac_WLAN_Adapter
ID_USB_MODEL_ENC=802.11ac\x20WLAN\x20Adapter\x20
ID_USB_MODEL_ID=011e
ID_USB_SERIAL=Realtek_802.11ac_WLAN_Adapter_00e04c000001
ID_USB_SERIAL_SHORT=00e04c000001
ID_USB_VENDOR=Realtek
ID_USB_VENDOR_ENC=Realtek\x20
ID_USB_VENDOR_ID=2357
ID_USB_REVISION=0200
ID_USB_TYPE=generic
ID_USB_INTERFACES=:ffffff:
ID_USB_INTERFACE_NUM=00
ID_USB_DRIVER=rtw_8821au
ID_VENDOR_FROM_DATABASE=TP-Link
ID_MODEL_FROM_DATABASE=AC600 wireless Realtek RTL8811AU [Archer T2U Nano]
ID_NET_NAMING_SCHEME=v258
ID_NET_NAME_MAC=wlx8c902d952038
ID_OUI_FROM_DATABASE=TP-Link Systems Inc.
ID_NET_NAME_PATH=wlp0s20f0u3
ID_PATH_WITH_USB_REVISION=pci-0000:00:14.0-usbv2-0:3:1.0
ID_PATH=pci-0000:00:14.0-usb-0:3:1.0
ID_PATH_TAG=pci-0000_00_14_0-usb-0_3_1_0
ID_NET_LINK_FILE=/usr/lib/systemd/network/99-default.link
ID_NET_NAME=wlp0s20f0u3
SYSTEMD_ALIAS=/sys/subsystem/net/devices/wlp0s20f0u3
TAGS=:systemd:
CURRENT_TAGS=:systemd:

KERNEL[4888.780892] change   /devices/pci0000:00/0000:00:1f.0/ACPI0003:00/power_supply/ACAD (power_supply)
ACTION=change
DEVPATH=/devices/pci0000:00/0000:00:1f.0/ACPI0003:00/power_supply/ACAD
SUBSYSTEM=power_supply
DEVTYPE=power_supply
POWER_SUPPLY_NAME=ACAD
POWER_SUPPLY_TYPE=Mains
POWER_SUPPLY_ONLINE=0
SEQNUM=4525

UDEV  [4888.822478] change   /devices/pci0000:00/0000:00:1f.0/ACPI0003:00/power_supply/ACAD (power_supply)
ACTION=change
DEVPATH=/devices/pci0000:00/0000:00:1f.0/ACPI0003:00/power_supply/ACAD
SUBSYSTEM=power_supply
DEVTYPE=power_supply
POWER_SUPPLY_NAME=ACAD
POWER_SUPPLY_TYPE=Mains
POWER_SUPPLY_ONLINE=0
SEQNUM=4525
USEC_INITIALIZED=4888782258

KERNEL[4889.792555] change   /devices/LNXSYSTM:00/LNXSYBUS:00/PNP0A08:00/device:18/PNP0C0A:00/power_supply/BAT1 (power_supply)
ACTION=change
DEVPATH=/devices/LNXSYSTM:00/LNXSYBUS:00/PNP0A08:00/device:18/PNP0C0A:00/power_supply/BAT1
SUBSYSTEM=power_supply
DEVTYPE=power_supply
POWER_SUPPLY_NAME=BAT1
POWER_SUPPLY_TYPE=Battery
POWER_SUPPLY_STATUS=Discharging
POWER_SUPPLY_PRESENT=1
POWER_SUPPLY_TECHNOLOGY=Li-ion
POWER_SUPPLY_CYCLE_COUNT=0
POWER_SUPPLY_VOLTAGE_MIN_DESIGN=14600000
POWER_SUPPLY_VOLTAGE_NOW=16776000
POWER_SUPPLY_CURRENT_NOW=289000
POWER_SUPPLY_CHARGE_FULL_DESIGN=2200000
POWER_SUPPLY_CHARGE_FULL=2142000
POWER_SUPPLY_CHARGE_NOW=2142000
POWER_SUPPLY_CAPACITY=100
POWER_SUPPLY_CAPACITY_LEVEL=Normal
POWER_SUPPLY_MODEL_NAME=PABAS0241231
POWER_SUPPLY_MANUFACTURER=Hewlett-Packard 
POWER_SUPPLY_SERIAL_NUMBER=41167
SEQNUM=4526

UDEV  [4889.797415] change   /devices/LNXSYSTM:00/LNXSYBUS:00/PNP0A08:00/device:18/PNP0C0A:00/power_supply/BAT1 (power_supply)
ACTION=change
DEVPATH=/devices/LNXSYSTM:00/LNXSYBUS:00/PNP0A08:00/device:18/PNP0C0A:00/power_supply/BAT1
SUBSYSTEM=power_supply
DEVTYPE=power_supply
POWER_SUPPLY_NAME=BAT1
POWER_SUPPLY_TYPE=Battery
POWER_SUPPLY_STATUS=Discharging
POWER_SUPPLY_PRESENT=1
POWER_SUPPLY_TECHNOLOGY=Li-ion
POWER_SUPPLY_CYCLE_COUNT=0
POWER_SUPPLY_VOLTAGE_MIN_DESIGN=14600000
POWER_SUPPLY_VOLTAGE_NOW=16776000
POWER_SUPPLY_CURRENT_NOW=289000
POWER_SUPPLY_CHARGE_FULL_DESIGN=2200000
POWER_SUPPLY_CHARGE_FULL=2142000
POWER_SUPPLY_CHARGE_NOW=2142000
POWER_SUPPLY_CAPACITY=100
POWER_SUPPLY_CAPACITY_LEVEL=Normal
POWER_SUPPLY_MODEL_NAME=PABAS0241231
POWER_SUPPLY_MANUFACTURER=Hewlett-Packard 
POWER_SUPPLY_SERIAL_NUMBER=41167
SEQNUM=4526
USEC_INITIALIZED=4889793174

KERNEL[4900.380571] change   /devices/pci0000:00/0000:00:1f.0/ACPI0003:00/power_supply/ACAD (power_supply)
ACTION=change
DEVPATH=/devices/pci0000:00/0000:00:1f.0/ACPI0003:00/power_supply/ACAD
SUBSYSTEM=power_supply
DEVTYPE=power_supply
POWER_SUPPLY_NAME=ACAD
POWER_SUPPLY_TYPE=Mains
POWER_SUPPLY_ONLINE=1
SEQNUM=4527

UDEV  [4900.417505] change   /devices/pci0000:00/0000:00:1f.0/ACPI0003:00/power_supply/ACAD (power_supply)
ACTION=change
DEVPATH=/devices/pci0000:00/0000:00:1f.0/ACPI0003:00/power_supply/ACAD
SUBSYSTEM=power_supply
DEVTYPE=power_supply
POWER_SUPPLY_NAME=ACAD
POWER_SUPPLY_TYPE=Mains
POWER_SUPPLY_ONLINE=1
SEQNUM=4527
USEC_INITIALIZED=4900381297

KERNEL[4901.386807] change   /devices/LNXSYSTM:00/LNXSYBUS:00/PNP0A08:00/device:18/PNP0C0A:00/power_supply/BAT1 (power_supply)
ACTION=change
DEVPATH=/devices/LNXSYSTM:00/LNXSYBUS:00/PNP0A08:00/device:18/PNP0C0A:00/power_supply/BAT1
SUBSYSTEM=power_supply
DEVTYPE=power_supply
POWER_SUPPLY_NAME=BAT1
POWER_SUPPLY_TYPE=Battery
POWER_SUPPLY_STATUS=Charging
POWER_SUPPLY_PRESENT=1
POWER_SUPPLY_TECHNOLOGY=Li-ion
POWER_SUPPLY_CYCLE_COUNT=0
POWER_SUPPLY_VOLTAGE_MIN_DESIGN=14600000
POWER_SUPPLY_VOLTAGE_NOW=16460000
POWER_SUPPLY_CURRENT_NOW=325000
POWER_SUPPLY_CHARGE_FULL_DESIGN=2200000
POWER_SUPPLY_CHARGE_FULL=2142000
POWER_SUPPLY_CHARGE_NOW=2141000
POWER_SUPPLY_CAPACITY=100
POWER_SUPPLY_CAPACITY_LEVEL=Normal
POWER_SUPPLY_MODEL_NAME=PABAS0241231
POWER_SUPPLY_MANUFACTURER=Hewlett-Packard 
POWER_SUPPLY_SERIAL_NUMBER=41167
SEQNUM=4528

UDEV  [4901.406996] change   /devices/LNXSYSTM:00/LNXSYBUS:00/PNP0A08:00/device:18/PNP0C0A:00/power_supply/BAT1 (power_supply)
ACTION=change
DEVPATH=/devices/LNXSYSTM:00/LNXSYBUS:00/PNP0A08:00/device:18/PNP0C0A:00/power_supply/BAT1
SUBSYSTEM=power_supply
DEVTYPE=power_supply
POWER_SUPPLY_NAME=BAT1
POWER_SUPPLY_TYPE=Battery
POWER_SUPPLY_STATUS=Charging
POWER_SUPPLY_PRESENT=1
POWER_SUPPLY_TECHNOLOGY=Li-ion
POWER_SUPPLY_CYCLE_COUNT=0
POWER_SUPPLY_VOLTAGE_MIN_DESIGN=14600000
POWER_SUPPLY_VOLTAGE_NOW=16460000
POWER_SUPPLY_CURRENT_NOW=325000
POWER_SUPPLY_CHARGE_FULL_DESIGN=2200000
POWER_SUPPLY_CHARGE_FULL=2142000
POWER_SUPPLY_CHARGE_NOW=2141000
POWER_SUPPLY_CAPACITY=100
POWER_SUPPLY_CAPACITY_LEVEL=Normal
POWER_SUPPLY_MODEL_NAME=PABAS0241231
POWER_SUPPLY_MANUFACTURER=Hewlett-Packard 
POWER_SUPPLY_SERIAL_NUMBER=41167
SEQNUM=4528
USEC_INITIALIZED=4901387620

KERNEL[4919.518647] change   /devices/pci0000:00/0000:00:1f.0/ACPI0003:00/power_supply/ACAD (power_supply)
ACTION=change
DEVPATH=/devices/pci0000:00/0000:00:1f.0/ACPI0003:00/power_supply/ACAD
SUBSYSTEM=power_supply
DEVTYPE=power_supply
POWER_SUPPLY_NAME=ACAD
POWER_SUPPLY_TYPE=Mains
POWER_SUPPLY_ONLINE=0
SEQNUM=4529

UDEV  [4919.551591] change   /devices/pci0000:00/0000:00:1f.0/ACPI0003:00/power_supply/ACAD (power_supply)
ACTION=change
DEVPATH=/devices/pci0000:00/0000:00:1f.0/ACPI0003:00/power_supply/ACAD
SUBSYSTEM=power_supply
DEVTYPE=power_supply
POWER_SUPPLY_NAME=ACAD
POWER_SUPPLY_TYPE=Mains
POWER_SUPPLY_ONLINE=0
SEQNUM=4529
USEC_INITIALIZED=4919519921

KERNEL[4920.535121] change   /devices/LNXSYSTM:00/LNXSYBUS:00/PNP0A08:00/device:18/PNP0C0A:00/power_supply/BAT1 (power_supply)
ACTION=change
DEVPATH=/devices/LNXSYSTM:00/LNXSYBUS:00/PNP0A08:00/device:18/PNP0C0A:00/power_supply/BAT1
SUBSYSTEM=power_supply
DEVTYPE=power_supply
POWER_SUPPLY_NAME=BAT1
POWER_SUPPLY_TYPE=Battery
POWER_SUPPLY_STATUS=Discharging
POWER_SUPPLY_PRESENT=1
POWER_SUPPLY_TECHNOLOGY=Li-ion
POWER_SUPPLY_CYCLE_COUNT=0
POWER_SUPPLY_VOLTAGE_MIN_DESIGN=14600000
POWER_SUPPLY_VOLTAGE_NOW=16776000
POWER_SUPPLY_CURRENT_NOW=271000
POWER_SUPPLY_CHARGE_FULL_DESIGN=2200000
POWER_SUPPLY_CHARGE_FULL=2142000
POWER_SUPPLY_CHARGE_NOW=2142000
POWER_SUPPLY_CAPACITY=100
POWER_SUPPLY_CAPACITY_LEVEL=Normal
POWER_SUPPLY_MODEL_NAME=PABAS0241231
POWER_SUPPLY_MANUFACTURER=Hewlett-Packard 
POWER_SUPPLY_SERIAL_NUMBER=41167
SEQNUM=4530

UDEV  [4920.549677] change   /devices/LNXSYSTM:00/LNXSYBUS:00/PNP0A08:00/device:18/PNP0C0A:00/power_supply/BAT1 (power_supply)
ACTION=change
DEVPATH=/devices/LNXSYSTM:00/LNXSYBUS:00/PNP0A08:00/device:18/PNP0C0A:00/power_supply/BAT1
SUBSYSTEM=power_supply
DEVTYPE=power_supply
POWER_SUPPLY_NAME=BAT1
POWER_SUPPLY_TYPE=Battery
POWER_SUPPLY_STATUS=Discharging
POWER_SUPPLY_PRESENT=1
POWER_SUPPLY_TECHNOLOGY=Li-ion
POWER_SUPPLY_CYCLE_COUNT=0
POWER_SUPPLY_VOLTAGE_MIN_DESIGN=14600000
POWER_SUPPLY_VOLTAGE_NOW=16776000
POWER_SUPPLY_CURRENT_NOW=271000
POWER_SUPPLY_CHARGE_FULL_DESIGN=2200000
POWER_SUPPLY_CHARGE_FULL=2142000
POWER_SUPPLY_CHARGE_NOW=2142000
POWER_SUPPLY_CAPACITY=100
POWER_SUPPLY_CAPACITY_LEVEL=Normal
POWER_SUPPLY_MODEL_NAME=PABAS0241231
POWER_SUPPLY_MANUFACTURER=Hewlett-Packard 
POWER_SUPPLY_SERIAL_NUMBER=41167
SEQNUM=4530
USEC_INITIALIZED=4920537383

KERNEL[4931.278117] change   /devices/pci0000:00/0000:00:1f.0/ACPI0003:00/power_supply/ACAD (power_supply)
ACTION=change
DEVPATH=/devices/pci0000:00/0000:00:1f.0/ACPI0003:00/power_supply/ACAD
SUBSYSTEM=power_supply
DEVTYPE=power_supply
POWER_SUPPLY_NAME=ACAD
POWER_SUPPLY_TYPE=Mains
POWER_SUPPLY_ONLINE=1
SEQNUM=4531

UDEV  [4931.312606] change   /devices/pci0000:00/0000:00:1f.0/ACPI0003:00/power_supply/ACAD (power_supply)
ACTION=change
DEVPATH=/devices/pci0000:00/0000:00:1f.0/ACPI0003:00/power_supply/ACAD
SUBSYSTEM=power_supply
DEVTYPE=power_supply
POWER_SUPPLY_NAME=ACAD
POWER_SUPPLY_TYPE=Mains
POWER_SUPPLY_ONLINE=1
SEQNUM=4531
USEC_INITIALIZED=4931278568

KERNEL[4932.289840] change   /devices/LNXSYSTM:00/LNXSYBUS:00/PNP0A08:00/device:18/PNP0C0A:00/power_supply/BAT1 (power_supply)
ACTION=change
DEVPATH=/devices/LNXSYSTM:00/LNXSYBUS:00/PNP0A08:00/device:18/PNP0C0A:00/power_supply/BAT1
SUBSYSTEM=power_supply
DEVTYPE=power_supply
POWER_SUPPLY_NAME=BAT1
POWER_SUPPLY_TYPE=Battery
POWER_SUPPLY_STATUS=Charging
POWER_SUPPLY_PRESENT=1
POWER_SUPPLY_TECHNOLOGY=Li-ion
POWER_SUPPLY_CYCLE_COUNT=0
POWER_SUPPLY_VOLTAGE_MIN_DESIGN=14600000
POWER_SUPPLY_VOLTAGE_NOW=16479000
POWER_SUPPLY_CURRENT_NOW=306000
POWER_SUPPLY_CHARGE_FULL_DESIGN=2200000
POWER_SUPPLY_CHARGE_FULL=2142000
POWER_SUPPLY_CHARGE_NOW=2141000
POWER_SUPPLY_CAPACITY=100
POWER_SUPPLY_CAPACITY_LEVEL=Normal
POWER_SUPPLY_MODEL_NAME=PABAS0241231
POWER_SUPPLY_MANUFACTURER=Hewlett-Packard 
POWER_SUPPLY_SERIAL_NUMBER=41167
SEQNUM=4532

UDEV  [4932.307816] change   /devices/LNXSYSTM:00/LNXSYBUS:00/PNP0A08:00/device:18/PNP0C0A:00/power_supply/BAT1 (power_supply)
ACTION=change
DEVPATH=/devices/LNXSYSTM:00/LNXSYBUS:00/PNP0A08:00/device:18/PNP0C0A:00/power_supply/BAT1
SUBSYSTEM=power_supply
DEVTYPE=power_supply
POWER_SUPPLY_NAME=BAT1
POWER_SUPPLY_TYPE=Battery
POWER_SUPPLY_STATUS=Charging
POWER_SUPPLY_PRESENT=1
POWER_SUPPLY_TECHNOLOGY=Li-ion
POWER_SUPPLY_CYCLE_COUNT=0
POWER_SUPPLY_VOLTAGE_MIN_DESIGN=14600000
POWER_SUPPLY_VOLTAGE_NOW=16479000
POWER_SUPPLY_CURRENT_NOW=306000
POWER_SUPPLY_CHARGE_FULL_DESIGN=2200000
POWER_SUPPLY_CHARGE_FULL=2142000
POWER_SUPPLY_CHARGE_NOW=2141000
POWER_SUPPLY_CAPACITY=100
POWER_SUPPLY_CAPACITY_LEVEL=Normal
POWER_SUPPLY_MODEL_NAME=PABAS0241231
POWER_SUPPLY_MANUFACTURER=Hewlett-Packard 
POWER_SUPPLY_SERIAL_NUMBER=41167
SEQNUM=4532
USEC_INITIALIZED=4932292466

KERNEL[4946.530534] change   /devices/pci0000:00/0000:00:1f.0/ACPI0003:00/power_supply/ACAD (power_supply)
ACTION=change
DEVPATH=/devices/pci0000:00/0000:00:1f.0/ACPI0003:00/power_supply/ACAD
SUBSYSTEM=power_supply
DEVTYPE=power_supply
POWER_SUPPLY_NAME=ACAD
POWER_SUPPLY_TYPE=Mains
POWER_SUPPLY_ONLINE=0
SEQNUM=4533

UDEV  [4946.571690] change   /devices/pci0000:00/0000:00:1f.0/ACPI0003:00/power_supply/ACAD (power_supply)
ACTION=change
DEVPATH=/devices/pci0000:00/0000:00:1f.0/ACPI0003:00/power_supply/ACAD
SUBSYSTEM=power_supply
DEVTYPE=power_supply
POWER_SUPPLY_NAME=ACAD
POWER_SUPPLY_TYPE=Mains
POWER_SUPPLY_ONLINE=0
SEQNUM=4533
USEC_INITIALIZED=4946531731

KERNEL[4947.546247] change   /devices/LNXSYSTM:00/LNXSYBUS:00/PNP0A08:00/device:18/PNP0C0A:00/power_supply/BAT1 (power_supply)
ACTION=change
DEVPATH=/devices/LNXSYSTM:00/LNXSYBUS:00/PNP0A08:00/device:18/PNP0C0A:00/power_supply/BAT1
SUBSYSTEM=power_supply
DEVTYPE=power_supply
POWER_SUPPLY_NAME=BAT1
POWER_SUPPLY_TYPE=Battery
POWER_SUPPLY_STATUS=Discharging
POWER_SUPPLY_PRESENT=1
POWER_SUPPLY_TECHNOLOGY=Li-ion
POWER_SUPPLY_CYCLE_COUNT=0
POWER_SUPPLY_VOLTAGE_MIN_DESIGN=14600000
POWER_SUPPLY_VOLTAGE_NOW=16776000
POWER_SUPPLY_CURRENT_NOW=238000
POWER_SUPPLY_CHARGE_FULL_DESIGN=2200000
POWER_SUPPLY_CHARGE_FULL=2142000
POWER_SUPPLY_CHARGE_NOW=2142000
POWER_SUPPLY_CAPACITY=100
POWER_SUPPLY_CAPACITY_LEVEL=Normal
POWER_SUPPLY_MODEL_NAME=PABAS0241231
POWER_SUPPLY_MANUFACTURER=Hewlett-Packard 
POWER_SUPPLY_SERIAL_NUMBER=41167
SEQNUM=4534

UDEV  [4947.561222] change   /devices/LNXSYSTM:00/LNXSYBUS:00/PNP0A08:00/device:18/PNP0C0A:00/power_supply/BAT1 (power_supply)
ACTION=change
DEVPATH=/devices/LNXSYSTM:00/LNXSYBUS:00/PNP0A08:00/device:18/PNP0C0A:00/power_supply/BAT1
SUBSYSTEM=power_supply
DEVTYPE=power_supply
POWER_SUPPLY_NAME=BAT1
POWER_SUPPLY_TYPE=Battery
POWER_SUPPLY_STATUS=Discharging
POWER_SUPPLY_PRESENT=1
POWER_SUPPLY_TECHNOLOGY=Li-ion
POWER_SUPPLY_CYCLE_COUNT=0
POWER_SUPPLY_VOLTAGE_MIN_DESIGN=14600000
POWER_SUPPLY_VOLTAGE_NOW=16776000
POWER_SUPPLY_CURRENT_NOW=238000
POWER_SUPPLY_CHARGE_FULL_DESIGN=2200000
POWER_SUPPLY_CHARGE_FULL=2142000
POWER_SUPPLY_CHARGE_NOW=2142000
POWER_SUPPLY_CAPACITY=100
POWER_SUPPLY_CAPACITY_LEVEL=Normal
POWER_SUPPLY_MODEL_NAME=PABAS0241231
POWER_SUPPLY_MANUFACTURER=Hewlett-Packard 
POWER_SUPPLY_SERIAL_NUMBER=41167
SEQNUM=4534
USEC_INITIALIZED=4947543834

KERNEL[4958.141711] change   /devices/pci0000:00/0000:00:1f.0/ACPI0003:00/power_supply/ACAD (power_supply)
ACTION=change
DEVPATH=/devices/pci0000:00/0000:00:1f.0/ACPI0003:00/power_supply/ACAD
SUBSYSTEM=power_supply
DEVTYPE=power_supply
POWER_SUPPLY_NAME=ACAD
POWER_SUPPLY_TYPE=Mains
POWER_SUPPLY_ONLINE=1
SEQNUM=4535

UDEV  [4958.156113] change   /devices/pci0000:00/0000:00:1f.0/ACPI0003:00/power_supply/ACAD (power_supply)
ACTION=change
DEVPATH=/devices/pci0000:00/0000:00:1f.0/ACPI0003:00/power_supply/ACAD
SUBSYSTEM=power_supply
DEVTYPE=power_supply
POWER_SUPPLY_NAME=ACAD
POWER_SUPPLY_TYPE=Mains
POWER_SUPPLY_ONLINE=1
SEQNUM=4535
USEC_INITIALIZED=4958141472

KERNEL[4959.155520] change   /devices/LNXSYSTM:00/LNXSYBUS:00/PNP0A08:00/device:18/PNP0C0A:00/power_supply/BAT1 (power_supply)
ACTION=change
DEVPATH=/devices/LNXSYSTM:00/LNXSYBUS:00/PNP0A08:00/device:18/PNP0C0A:00/power_supply/BAT1
SUBSYSTEM=power_supply
DEVTYPE=power_supply
POWER_SUPPLY_NAME=BAT1
POWER_SUPPLY_TYPE=Battery
POWER_SUPPLY_STATUS=Charging
POWER_SUPPLY_PRESENT=1
POWER_SUPPLY_TECHNOLOGY=Li-ion
POWER_SUPPLY_CYCLE_COUNT=0
POWER_SUPPLY_VOLTAGE_MIN_DESIGN=14600000
POWER_SUPPLY_VOLTAGE_NOW=16471000
POWER_SUPPLY_CURRENT_NOW=278000
POWER_SUPPLY_CHARGE_FULL_DESIGN=2200000
POWER_SUPPLY_CHARGE_FULL=2142000
POWER_SUPPLY_CHARGE_NOW=2140000
POWER_SUPPLY_CAPACITY=100
POWER_SUPPLY_CAPACITY_LEVEL=Normal
POWER_SUPPLY_MODEL_NAME=PABAS0241231
POWER_SUPPLY_MANUFACTURER=Hewlett-Packard 
POWER_SUPPLY_SERIAL_NUMBER=41167
SEQNUM=4536

UDEV  [4959.161593] change   /devices/LNXSYSTM:00/LNXSYBUS:00/PNP0A08:00/device:18/PNP0C0A:00/power_supply/BAT1 (power_supply)
ACTION=change
DEVPATH=/devices/LNXSYSTM:00/LNXSYBUS:00/PNP0A08:00/device:18/PNP0C0A:00/power_supply/BAT1
SUBSYSTEM=power_supply
DEVTYPE=power_supply
POWER_SUPPLY_NAME=BAT1
POWER_SUPPLY_TYPE=Battery
POWER_SUPPLY_STATUS=Charging
POWER_SUPPLY_PRESENT=1
POWER_SUPPLY_TECHNOLOGY=Li-ion
POWER_SUPPLY_CYCLE_COUNT=0
POWER_SUPPLY_VOLTAGE_MIN_DESIGN=14600000
POWER_SUPPLY_VOLTAGE_NOW=16524000
POWER_SUPPLY_CURRENT_NOW=278000
POWER_SUPPLY_CHARGE_FULL_DESIGN=2200000
POWER_SUPPLY_CHARGE_FULL=2142000
POWER_SUPPLY_CHARGE_NOW=2140000
POWER_SUPPLY_CAPACITY=100
POWER_SUPPLY_CAPACITY_LEVEL=Normal
POWER_SUPPLY_MODEL_NAME=PABAS0241231
POWER_SUPPLY_MANUFACTURER=Hewlett-Packard 
POWER_SUPPLY_SERIAL_NUMBER=41167
SEQNUM=4536
USEC_INITIALIZED=4959158717

